{"C:\\Users\\super\\Projects\\meep-tech\\libraries\\js\\Obsidian\\plugins\\meta-scy\\src\\constants.ts": {"path":"C:\\Users\\super\\Projects\\meep-tech\\libraries\\js\\Obsidian\\plugins\\meta-scy\\src\\constants.ts","statementMap":{"0":{"start":{"line":1,"column":0},"end":{"line":1,"column":null}},"1":{"start":{"line":7,"column":0},"end":{"line":7,"column":null}},"2":{"start":{"line":8,"column":15},"end":{"line":8,"column":75}},"3":{"start":{"line":9,"column":15},"end":{"line":9,"column":67}},"4":{"start":{"line":12,"column":0},"end":{"line":12,"column":null}},"5":{"start":{"line":13,"column":15},"end":{"line":13,"column":54}},"6":{"start":{"line":14,"column":15},"end":{"line":14,"column":null}},"7":{"start":{"line":15,"column":15},"end":{"line":15,"column":null}},"8":{"start":{"line":16,"column":15},"end":{"line":16,"column":null}},"9":{"start":{"line":17,"column":15},"end":{"line":17,"column":null}},"10":{"start":{"line":18,"column":15},"end":{"line":24,"column":4}},"11":{"start":{"line":26,"column":15},"end":{"line":26,"column":53}},"12":{"start":{"line":27,"column":15},"end":{"line":27,"column":46}},"13":{"start":{"line":28,"column":15},"end":{"line":28,"column":61}},"14":{"start":{"line":29,"column":15},"end":{"line":29,"column":70}},"15":{"start":{"line":30,"column":15},"end":{"line":30,"column":70}},"16":{"start":{"line":32,"column":15},"end":{"line":32,"column":57}},"17":{"start":{"line":33,"column":15},"end":{"line":33,"column":57}},"18":{"start":{"line":34,"column":15},"end":{"line":34,"column":59}},"19":{"start":{"line":35,"column":15},"end":{"line":35,"column":61}},"20":{"start":{"line":36,"column":15},"end":{"line":36,"column":65}},"21":{"start":{"line":37,"column":15},"end":{"line":37,"column":67}},"22":{"start":{"line":39,"column":15},"end":{"line":39,"column":55}},"23":{"start":{"line":40,"column":15},"end":{"line":40,"column":57}},"24":{"start":{"line":41,"column":15},"end":{"line":41,"column":53}},"25":{"start":{"line":42,"column":15},"end":{"line":42,"column":55}},"26":{"start":{"line":43,"column":15},"end":{"line":43,"column":78}},"27":{"start":{"line":44,"column":15},"end":{"line":44,"column":81}},"28":{"start":{"line":46,"column":15},"end":{"line":46,"column":58}},"29":{"start":{"line":47,"column":15},"end":{"line":47,"column":58}},"30":{"start":{"line":48,"column":15},"end":{"line":48,"column":58}},"31":{"start":{"line":50,"column":15},"end":{"line":50,"column":65}},"32":{"start":{"line":51,"column":15},"end":{"line":51,"column":57}},"33":{"start":{"line":54,"column":0},"end":{"line":54,"column":null}},"34":{"start":{"line":55,"column":15},"end":{"line":55,"column":57}},"35":{"start":{"line":56,"column":15},"end":{"line":56,"column":47}},"36":{"start":{"line":57,"column":15},"end":{"line":57,"column":47}},"37":{"start":{"line":58,"column":15},"end":{"line":58,"column":51}},"38":{"start":{"line":59,"column":15},"end":{"line":59,"column":50}},"39":{"start":{"line":61,"column":15},"end":{"line":61,"column":50}},"40":{"start":{"line":62,"column":15},"end":{"line":62,"column":52}},"41":{"start":{"line":63,"column":15},"end":{"line":63,"column":57}},"42":{"start":{"line":64,"column":15},"end":{"line":64,"column":45}},"43":{"start":{"line":65,"column":15},"end":{"line":65,"column":46}},"44":{"start":{"line":67,"column":15},"end":{"line":67,"column":46}},"45":{"start":{"line":69,"column":15},"end":{"line":69,"column":65}},"46":{"start":{"line":70,"column":15},"end":{"line":70,"column":70}},"47":{"start":{"line":71,"column":15},"end":{"line":71,"column":32}},"48":{"start":{"line":72,"column":15},"end":{"line":72,"column":33}},"49":{"start":{"line":75,"column":13},"end":{"line":87,"column":null}},"50":{"start":{"line":89,"column":13},"end":{"line":93,"column":null}},"51":{"start":{"line":100,"column":13},"end":{"line":102,"column":2}},"52":{"start":{"line":110,"column":13},"end":{"line":115,"column":2}},"53":{"start":{"line":120,"column":13},"end":{"line":122,"column":44}},"54":{"start":{"line":125,"column":13},"end":{"line":125,"column":32}},"55":{"start":{"line":127,"column":13},"end":{"line":127,"column":37}},"56":{"start":{"line":129,"column":13},"end":{"line":129,"column":41}},"57":{"start":{"line":131,"column":13},"end":{"line":131,"column":108}},"58":{"start":{"line":133,"column":13},"end":{"line":133,"column":132}},"59":{"start":{"line":135,"column":13},"end":{"line":135,"column":126}}},"fnMap":{"0":{"name":"(anonymous_0)","decl":{"start":{"line":7,"column":0},"end":{"line":7,"column":17}},"loc":{"start":{"line":7,"column":22},"end":{"line":10,"column":1}}},"1":{"name":"(anonymous_1)","decl":{"start":{"line":12,"column":0},"end":{"line":12,"column":17}},"loc":{"start":{"line":12,"column":21},"end":{"line":52,"column":1}}},"2":{"name":"(anonymous_2)","decl":{"start":{"line":54,"column":0},"end":{"line":54,"column":17}},"loc":{"start":{"line":54,"column":24},"end":{"line":73,"column":1}}}},"branchMap":{"0":{"loc":{"start":{"line":7,"column":17},"end":{"line":7,"column":null}},"type":"binary-expr","locations":[{"start":{"line":7,"column":17},"end":{"line":7,"column":22}},{"start":{"line":7,"column":17},"end":{"line":7,"column":null}}]},"1":{"loc":{"start":{"line":12,"column":17},"end":{"line":12,"column":null}},"type":"binary-expr","locations":[{"start":{"line":12,"column":17},"end":{"line":12,"column":21}},{"start":{"line":12,"column":17},"end":{"line":12,"column":null}}]},"2":{"loc":{"start":{"line":54,"column":17},"end":{"line":54,"column":null}},"type":"binary-expr","locations":[{"start":{"line":54,"column":17},"end":{"line":54,"column":24}},{"start":{"line":54,"column":17},"end":{"line":54,"column":null}}]}},"s":{"0":1,"1":1,"2":1,"3":1,"4":1,"5":1,"6":1,"7":1,"8":1,"9":1,"10":1,"11":1,"12":1,"13":1,"14":1,"15":1,"16":1,"17":1,"18":1,"19":1,"20":1,"21":1,"22":1,"23":1,"24":1,"25":1,"26":1,"27":1,"28":1,"29":1,"30":1,"31":1,"32":1,"33":1,"34":1,"35":1,"36":1,"37":1,"38":1,"39":1,"40":1,"41":1,"42":1,"43":1,"44":1,"45":1,"46":1,"47":1,"48":1,"49":1,"50":1,"51":1,"52":1,"53":1,"54":1,"55":1,"56":1,"57":1,"58":1,"59":1},"f":{"0":1,"1":1,"2":1},"b":{"0":[1,1],"1":[1,1],"2":[1,1]}}
,"C:\\Users\\super\\Projects\\meep-tech\\libraries\\js\\Obsidian\\plugins\\meta-scy\\src\\static.ts": {"path":"C:\\Users\\super\\Projects\\meep-tech\\libraries\\js\\Obsidian\\plugins\\meta-scy\\src\\static.ts","statementMap":{"0":{"start":{"line":1,"column":0},"end":{"line":1,"column":56}},"1":{"start":{"line":2,"column":0},"end":{"line":2,"column":null}},"2":{"start":{"line":10,"column":0},"end":{"line":10,"column":93}},"3":{"start":{"line":17,"column":0},"end":{"line":17,"column":null}},"4":{"start":{"line":31,"column":0},"end":{"line":31,"column":35}},"5":{"start":{"line":32,"column":0},"end":{"line":32,"column":64}},"6":{"start":{"line":33,"column":0},"end":{"line":33,"column":63}},"7":{"start":{"line":34,"column":0},"end":{"line":34,"column":51}},"8":{"start":{"line":56,"column":4},"end":{"line":56,"column":40}},"9":{"start":{"line":63,"column":4},"end":{"line":63,"column":64}},"10":{"start":{"line":70,"column":4},"end":{"line":70,"column":63}},"11":{"start":{"line":77,"column":4},"end":{"line":77,"column":60}},"12":{"start":{"line":84,"column":4},"end":{"line":85,"column":71}},"13":{"start":{"line":93,"column":4},"end":{"line":93,"column":35}},"14":{"start":{"line":101,"column":4},"end":{"line":104,"column":37}},"15":{"start":{"line":112,"column":19},"end":{"line":112,"column":69}},"16":{"start":{"line":115,"column":4},"end":{"line":212,"column":null}},"17":{"start":{"line":117,"column":49},"end":{"line":125,"column":null}},"18":{"start":{"line":118,"column":8},"end":{"line":122,"column":10}},"19":{"start":{"line":124,"column":8},"end":{"line":124,"column":21}},"20":{"start":{"line":127,"column":8},"end":{"line":131,"column":null}},"21":{"start":{"line":134,"column":8},"end":{"line":138,"column":null}},"22":{"start":{"line":141,"column":21},"end":{"line":141,"column":85}},"23":{"start":{"line":143,"column":8},"end":{"line":145,"column":null}},"24":{"start":{"line":144,"column":10},"end":{"line":144,"column":26}},"25":{"start":{"line":147,"column":8},"end":{"line":153,"column":10}},"26":{"start":{"line":155,"column":8},"end":{"line":155,"column":85}},"27":{"start":{"line":158,"column":21},"end":{"line":158,"column":85}},"28":{"start":{"line":160,"column":8},"end":{"line":162,"column":null}},"29":{"start":{"line":161,"column":10},"end":{"line":161,"column":70}},"30":{"start":{"line":164,"column":8},"end":{"line":170,"column":10}},"31":{"start":{"line":172,"column":8},"end":{"line":174,"column":56}},"32":{"start":{"line":177,"column":21},"end":{"line":177,"column":85}},"33":{"start":{"line":179,"column":8},"end":{"line":185,"column":null}},"34":{"start":{"line":180,"column":10},"end":{"line":184,"column":null}},"35":{"start":{"line":181,"column":12},"end":{"line":181,"column":72}},"36":{"start":{"line":183,"column":12},"end":{"line":183,"column":28}},"37":{"start":{"line":187,"column":8},"end":{"line":193,"column":10}},"38":{"start":{"line":195,"column":8},"end":{"line":197,"column":56}},"39":{"start":{"line":200,"column":21},"end":{"line":200,"column":85}},"40":{"start":{"line":202,"column":8},"end":{"line":207,"column":10}},"41":{"start":{"line":209,"column":8},"end":{"line":211,"column":56}},"42":{"start":{"line":225,"column":4},"end":{"line":236,"column":43}},"43":{"start":{"line":248,"column":4},"end":{"line":248,"column":121}},"44":{"start":{"line":249,"column":4},"end":{"line":249,"column":83}},"45":{"start":{"line":250,"column":4},"end":{"line":250,"column":76}},"46":{"start":{"line":252,"column":34},"end":{"line":262,"column":6}},"47":{"start":{"line":265,"column":8},"end":{"line":277,"column":33}},"48":{"start":{"line":279,"column":4},"end":{"line":279,"column":68}},"49":{"start":{"line":281,"column":4},"end":{"line":281,"column":63}},"50":{"start":{"line":285,"column":4},"end":{"line":285,"column":66}},"51":{"start":{"line":286,"column":4},"end":{"line":286,"column":78}},"52":{"start":{"line":287,"column":4},"end":{"line":287,"column":69}},"53":{"start":{"line":288,"column":4},"end":{"line":288,"column":69}},"54":{"start":{"line":46,"column":0},"end":{"line":46,"column":13}},"55":{"start":{"line":216,"column":9},"end":{"line":219,"column":91}},"56":{"start":{"line":217,"column":4},"end":{"line":219,"column":90}}},"fnMap":{"0":{"name":"(anonymous_0)","decl":{"start":{"line":55,"column":2},"end":{"line":55,"column":8}},"loc":{"start":{"line":55,"column":16},"end":{"line":57,"column":3}}},"1":{"name":"(anonymous_1)","decl":{"start":{"line":62,"column":2},"end":{"line":62,"column":8}},"loc":{"start":{"line":62,"column":19},"end":{"line":64,"column":3}}},"2":{"name":"(anonymous_2)","decl":{"start":{"line":69,"column":2},"end":{"line":69,"column":8}},"loc":{"start":{"line":69,"column":19},"end":{"line":71,"column":3}}},"3":{"name":"(anonymous_3)","decl":{"start":{"line":76,"column":2},"end":{"line":76,"column":8}},"loc":{"start":{"line":76,"column":16},"end":{"line":78,"column":3}}},"4":{"name":"(anonymous_4)","decl":{"start":{"line":83,"column":2},"end":{"line":83,"column":8}},"loc":{"start":{"line":83,"column":21},"end":{"line":86,"column":3}}},"5":{"name":"(anonymous_5)","decl":{"start":{"line":92,"column":2},"end":{"line":92,"column":8}},"loc":{"start":{"line":92,"column":24},"end":{"line":94,"column":3}}},"6":{"name":"(anonymous_6)","decl":{"start":{"line":100,"column":2},"end":{"line":100,"column":8}},"loc":{"start":{"line":100,"column":24},"end":{"line":105,"column":3}}},"7":{"name":"(anonymous_7)","decl":{"start":{"line":111,"column":2},"end":{"line":111,"column":8}},"loc":{"start":{"line":111,"column":28},"end":{"line":214,"column":3}}},"8":{"name":"(anonymous_8)","decl":{"start":{"line":117,"column":25},"end":{"line":117,"column":32}},"loc":{"start":{"line":117,"column":49},"end":{"line":125,"column":null}}},"9":{"name":"(anonymous_9)","decl":{"start":{"line":117,"column":49},"end":{"line":117,"column":null}},"loc":{"start":{"line":117,"column":49},"end":{"line":125,"column":7}}},"10":{"name":"(anonymous_10)","decl":{"start":{"line":126,"column":25},"end":{"line":126,"column":26}},"loc":{"start":{"line":127,"column":8},"end":{"line":131,"column":null}}},"11":{"name":"(anonymous_11)","decl":{"start":{"line":133,"column":29},"end":{"line":133,"column":30}},"loc":{"start":{"line":134,"column":8},"end":{"line":138,"column":null}}},"12":{"name":"(anonymous_12)","decl":{"start":{"line":140,"column":12},"end":{"line":140,"column":30}},"loc":{"start":{"line":140,"column":58},"end":{"line":156,"column":null}}},"13":{"name":"(anonymous_14)","decl":{"start":{"line":157,"column":12},"end":{"line":157,"column":30}},"loc":{"start":{"line":157,"column":58},"end":{"line":175,"column":null}}},"14":{"name":"(anonymous_16)","decl":{"start":{"line":176,"column":12},"end":{"line":176,"column":38}},"loc":{"start":{"line":176,"column":66},"end":{"line":198,"column":null}}},"15":{"name":"(anonymous_18)","decl":{"start":{"line":199,"column":12},"end":{"line":199,"column":30}},"loc":{"start":{"line":199,"column":51},"end":{"line":212,"column":null}}},"16":{"name":"(anonymous_20)","decl":{"start":{"line":224,"column":2},"end":{"line":224,"column":8}},"loc":{"start":{"line":224,"column":39},"end":{"line":237,"column":3}}},"17":{"name":"(anonymous_21)","decl":{"start":{"line":239,"column":2},"end":{"line":239,"column":8}},"loc":{"start":{"line":247,"column":8},"end":{"line":282,"column":3}}},"18":{"name":"(anonymous_22)","decl":{"start":{"line":284,"column":2},"end":{"line":284,"column":8}},"loc":{"start":{"line":284,"column":17},"end":{"line":289,"column":3}}},"19":{"name":"(anonymous_23)","decl":{"start":{"line":216,"column":24},"end":{"line":216,"column":25}},"loc":{"start":{"line":217,"column":4},"end":{"line":219,"column":90}}}},"branchMap":{"0":{"loc":{"start":{"line":84,"column":11},"end":{"line":85,"column":70}},"type":"binary-expr","locations":[{"start":{"line":84,"column":11},"end":{"line":84,"column":71}},{"start":{"line":85,"column":9},"end":{"line":85,"column":70}}]},"1":{"loc":{"start":{"line":84,"column":11},"end":{"line":84,"column":71}},"type":"cond-expr","locations":[{"start":{"line":84,"column":61},"end":{"line":84,"column":63}},{"start":{"line":84,"column":61},"end":{"line":84,"column":71}}]},"2":{"loc":{"start":{"line":84,"column":11},"end":{"line":84,"column":63}},"type":"binary-expr","locations":[{"start":{"line":84,"column":11},"end":{"line":84,"column":63}},{"start":{"line":84,"column":61},"end":{"line":84,"column":63}}]},"3":{"loc":{"start":{"line":131,"column":10},"end":{"line":131,"column":25}},"type":"cond-expr","locations":[{"start":{"line":131,"column":17},"end":{"line":131,"column":19}},{"start":{"line":131,"column":10},"end":{"line":131,"column":25}}]},"4":{"loc":{"start":{"line":131,"column":10},"end":{"line":131,"column":19}},"type":"binary-expr","locations":[{"start":{"line":131,"column":10},"end":{"line":131,"column":19}},{"start":{"line":131,"column":10},"end":{"line":131,"column":19}}]},"5":{"loc":{"start":{"line":138,"column":10},"end":{"line":138,"column":25}},"type":"cond-expr","locations":[{"start":{"line":138,"column":17},"end":{"line":138,"column":19}},{"start":{"line":138,"column":10},"end":{"line":138,"column":25}}]},"6":{"loc":{"start":{"line":138,"column":10},"end":{"line":138,"column":19}},"type":"binary-expr","locations":[{"start":{"line":138,"column":10},"end":{"line":138,"column":19}},{"start":{"line":138,"column":10},"end":{"line":138,"column":19}}]},"7":{"loc":{"start":{"line":143,"column":8},"end":{"line":145,"column":null}},"type":"if","locations":[{"start":{"line":143,"column":8},"end":{"line":145,"column":null}}]},"8":{"loc":{"start":{"line":152,"column":10},"end":{"line":152,"column":25}},"type":"cond-expr","locations":[{"start":{"line":152,"column":17},"end":{"line":152,"column":19}},{"start":{"line":152,"column":10},"end":{"line":152,"column":25}}]},"9":{"loc":{"start":{"line":152,"column":10},"end":{"line":152,"column":19}},"type":"binary-expr","locations":[{"start":{"line":152,"column":10},"end":{"line":152,"column":19}},{"start":{"line":152,"column":10},"end":{"line":152,"column":19}}]},"10":{"loc":{"start":{"line":155,"column":15},"end":{"line":155,"column":84}},"type":"cond-expr","locations":[{"start":{"line":155,"column":33},"end":{"line":155,"column":38}},{"start":{"line":155,"column":41},"end":{"line":155,"column":84}}]},"11":{"loc":{"start":{"line":155,"column":15},"end":{"line":155,"column":30}},"type":"cond-expr","locations":[{"start":{"line":155,"column":22},"end":{"line":155,"column":24}},{"start":{"line":155,"column":15},"end":{"line":155,"column":30}}]},"12":{"loc":{"start":{"line":155,"column":15},"end":{"line":155,"column":24}},"type":"binary-expr","locations":[{"start":{"line":155,"column":15},"end":{"line":155,"column":24}},{"start":{"line":155,"column":15},"end":{"line":155,"column":24}}]},"13":{"loc":{"start":{"line":160,"column":8},"end":{"line":162,"column":null}},"type":"if","locations":[{"start":{"line":160,"column":8},"end":{"line":162,"column":null}}]},"14":{"loc":{"start":{"line":169,"column":10},"end":{"line":169,"column":25}},"type":"cond-expr","locations":[{"start":{"line":169,"column":17},"end":{"line":169,"column":19}},{"start":{"line":169,"column":10},"end":{"line":169,"column":25}}]},"15":{"loc":{"start":{"line":169,"column":10},"end":{"line":169,"column":19}},"type":"binary-expr","locations":[{"start":{"line":169,"column":10},"end":{"line":169,"column":19}},{"start":{"line":169,"column":10},"end":{"line":169,"column":19}}]},"16":{"loc":{"start":{"line":172,"column":15},"end":{"line":174,"column":55}},"type":"cond-expr","locations":[{"start":{"line":173,"column":12},"end":{"line":173,"column":17}},{"start":{"line":174,"column":12},"end":{"line":174,"column":55}}]},"17":{"loc":{"start":{"line":172,"column":15},"end":{"line":172,"column":30}},"type":"cond-expr","locations":[{"start":{"line":172,"column":22},"end":{"line":172,"column":24}},{"start":{"line":172,"column":15},"end":{"line":172,"column":30}}]},"18":{"loc":{"start":{"line":172,"column":15},"end":{"line":172,"column":24}},"type":"binary-expr","locations":[{"start":{"line":172,"column":15},"end":{"line":172,"column":24}},{"start":{"line":172,"column":15},"end":{"line":172,"column":24}}]},"19":{"loc":{"start":{"line":179,"column":8},"end":{"line":185,"column":null}},"type":"if","locations":[{"start":{"line":179,"column":8},"end":{"line":185,"column":null}}]},"20":{"loc":{"start":{"line":180,"column":10},"end":{"line":184,"column":null}},"type":"if","locations":[{"start":{"line":180,"column":10},"end":{"line":184,"column":null}},{"start":{"line":182,"column":17},"end":{"line":184,"column":null}}]},"21":{"loc":{"start":{"line":192,"column":10},"end":{"line":192,"column":25}},"type":"cond-expr","locations":[{"start":{"line":192,"column":17},"end":{"line":192,"column":19}},{"start":{"line":192,"column":10},"end":{"line":192,"column":25}}]},"22":{"loc":{"start":{"line":192,"column":10},"end":{"line":192,"column":19}},"type":"binary-expr","locations":[{"start":{"line":192,"column":10},"end":{"line":192,"column":19}},{"start":{"line":192,"column":10},"end":{"line":192,"column":19}}]},"23":{"loc":{"start":{"line":195,"column":15},"end":{"line":197,"column":55}},"type":"cond-expr","locations":[{"start":{"line":196,"column":12},"end":{"line":196,"column":17}},{"start":{"line":197,"column":12},"end":{"line":197,"column":55}}]},"24":{"loc":{"start":{"line":195,"column":15},"end":{"line":195,"column":30}},"type":"cond-expr","locations":[{"start":{"line":195,"column":22},"end":{"line":195,"column":24}},{"start":{"line":195,"column":15},"end":{"line":195,"column":30}}]},"25":{"loc":{"start":{"line":195,"column":15},"end":{"line":195,"column":24}},"type":"binary-expr","locations":[{"start":{"line":195,"column":15},"end":{"line":195,"column":24}},{"start":{"line":195,"column":15},"end":{"line":195,"column":24}}]},"26":{"loc":{"start":{"line":206,"column":10},"end":{"line":206,"column":25}},"type":"cond-expr","locations":[{"start":{"line":206,"column":17},"end":{"line":206,"column":19}},{"start":{"line":206,"column":10},"end":{"line":206,"column":25}}]},"27":{"loc":{"start":{"line":206,"column":10},"end":{"line":206,"column":19}},"type":"binary-expr","locations":[{"start":{"line":206,"column":10},"end":{"line":206,"column":19}},{"start":{"line":206,"column":10},"end":{"line":206,"column":19}}]},"28":{"loc":{"start":{"line":209,"column":15},"end":{"line":211,"column":55}},"type":"cond-expr","locations":[{"start":{"line":210,"column":12},"end":{"line":210,"column":21}},{"start":{"line":211,"column":12},"end":{"line":211,"column":55}}]},"29":{"loc":{"start":{"line":209,"column":15},"end":{"line":209,"column":30}},"type":"cond-expr","locations":[{"start":{"line":209,"column":22},"end":{"line":209,"column":24}},{"start":{"line":209,"column":15},"end":{"line":209,"column":30}}]},"30":{"loc":{"start":{"line":209,"column":15},"end":{"line":209,"column":24}},"type":"binary-expr","locations":[{"start":{"line":209,"column":15},"end":{"line":209,"column":24}},{"start":{"line":209,"column":15},"end":{"line":209,"column":24}}]},"31":{"loc":{"start":{"line":239,"column":28},"end":{"line":247,"column":8}},"type":"default-arg","locations":[{"start":{"line":247,"column":6},"end":{"line":247,"column":8}}]},"32":{"loc":{"start":{"line":240,"column":4},"end":{"line":240,"column":33}},"type":"default-arg","locations":[{"start":{"line":240,"column":29},"end":{"line":240,"column":33}}]},"33":{"loc":{"start":{"line":248,"column":58},"end":{"line":248,"column":120}},"type":"binary-expr","locations":[{"start":{"line":248,"column":58},"end":{"line":248,"column":64}},{"start":{"line":248,"column":69},"end":{"line":248,"column":120}}]},"34":{"loc":{"start":{"line":265,"column":8},"end":{"line":277,"column":33}},"type":"cond-expr","locations":[{"start":{"line":266,"column":9},"end":{"line":276,"column":null}},{"start":{"line":277,"column":12},"end":{"line":277,"column":33}}]},"35":{"loc":{"start":{"line":217,"column":57},"end":{"line":219,"column":80}},"type":"cond-expr","locations":[{"start":{"line":218,"column":8},"end":{"line":218,"column":115}},{"start":{"line":219,"column":8},"end":{"line":219,"column":80}}]},"36":{"loc":{"start":{"line":218,"column":8},"end":{"line":218,"column":115}},"type":"binary-expr","locations":[{"start":{"line":218,"column":8},"end":{"line":218,"column":49}},{"start":{"line":218,"column":53},"end":{"line":218,"column":115}}]},"37":{"loc":{"start":{"line":219,"column":8},"end":{"line":219,"column":80}},"type":"binary-expr","locations":[{"start":{"line":219,"column":8},"end":{"line":219,"column":14}},{"start":{"line":219,"column":18},"end":{"line":219,"column":80}}]}},"s":{"0":1,"1":1,"2":1,"3":1,"4":1,"5":1,"6":1,"7":1,"8":0,"9":0,"10":0,"11":9,"12":0,"13":0,"14":0,"15":0,"16":0,"17":0,"18":0,"19":0,"20":0,"21":0,"22":0,"23":0,"24":0,"25":0,"26":0,"27":0,"28":0,"29":0,"30":0,"31":0,"32":0,"33":0,"34":0,"35":0,"36":0,"37":0,"38":0,"39":0,"40":0,"41":0,"42":0,"43":1,"44":1,"45":1,"46":1,"47":1,"48":1,"49":1,"50":0,"51":0,"52":0,"53":0,"54":1,"55":1,"56":0},"f":{"0":0,"1":0,"2":0,"3":9,"4":0,"5":0,"6":0,"7":0,"8":0,"9":0,"10":0,"11":0,"12":0,"13":0,"14":0,"15":0,"16":0,"17":1,"18":0,"19":0},"b":{"0":[0,0],"1":[0,0],"2":[0,0],"3":[0,0],"4":[0,0],"5":[0,0],"6":[0,0],"7":[0],"8":[0,0],"9":[0,0],"10":[0,0],"11":[0,0],"12":[0,0],"13":[0],"14":[0,0],"15":[0,0],"16":[0,0],"17":[0,0],"18":[0,0],"19":[0],"20":[0,0],"21":[0,0],"22":[0,0],"23":[0,0],"24":[0,0],"25":[0,0],"26":[0,0],"27":[0,0],"28":[0,0],"29":[0,0],"30":[0,0],"31":[0],"32":[0],"33":[1,0],"34":[1,0],"35":[0,0],"36":[0,0],"37":[0,0]}}
,"C:\\Users\\super\\Projects\\meep-tech\\libraries\\js\\Obsidian\\plugins\\meta-scy\\src\\utilities.ts": {"path":"C:\\Users\\super\\Projects\\meep-tech\\libraries\\js\\Obsidian\\plugins\\meta-scy\\src\\utilities.ts","statementMap":{"0":{"start":{"line":1,"column":0},"end":{"line":1,"column":65}},"1":{"start":{"line":2,"column":0},"end":{"line":2,"column":57}},"2":{"start":{"line":3,"column":0},"end":{"line":3,"column":null}},"3":{"start":{"line":12,"column":0},"end":{"line":12,"column":71}},"4":{"start":{"line":15,"column":0},"end":{"line":15,"column":61}},"5":{"start":{"line":26,"column":26},"end":{"line":28,"column":32}},"6":{"start":{"line":28,"column":4},"end":{"line":28,"column":32}},"7":{"start":{"line":26,"column":13},"end":{"line":26,"column":26}},"8":{"start":{"line":38,"column":24},"end":{"line":40,"column":49}},"9":{"start":{"line":40,"column":4},"end":{"line":40,"column":49}},"10":{"start":{"line":38,"column":13},"end":{"line":38,"column":24}},"11":{"start":{"line":45,"column":24},"end":{"line":47,"column":30}},"12":{"start":{"line":47,"column":4},"end":{"line":47,"column":30}},"13":{"start":{"line":45,"column":13},"end":{"line":45,"column":24}},"14":{"start":{"line":56,"column":23},"end":{"line":58,"column":25}},"15":{"start":{"line":58,"column":4},"end":{"line":58,"column":25}},"16":{"start":{"line":56,"column":13},"end":{"line":56,"column":23}},"17":{"start":{"line":64,"column":2},"end":{"line":66,"column":null}},"18":{"start":{"line":65,"column":4},"end":{"line":65,"column":43}},"19":{"start":{"line":69,"column":2},"end":{"line":71,"column":39}},"20":{"start":{"line":63,"column":0},"end":{"line":63,"column":16}},"21":{"start":{"line":78,"column":2},"end":{"line":80,"column":null}},"22":{"start":{"line":79,"column":4},"end":{"line":79,"column":35}},"23":{"start":{"line":83,"column":26},"end":{"line":83,"column":52}},"24":{"start":{"line":85,"column":2},"end":{"line":86,"column":49}},"25":{"start":{"line":77,"column":0},"end":{"line":77,"column":16}},"26":{"start":{"line":93,"column":2},"end":{"line":95,"column":null}},"27":{"start":{"line":94,"column":4},"end":{"line":94,"column":37}},"28":{"start":{"line":98,"column":26},"end":{"line":98,"column":54}},"29":{"start":{"line":100,"column":2},"end":{"line":101,"column":49}},"30":{"start":{"line":92,"column":0},"end":{"line":92,"column":16}},"31":{"start":{"line":117,"column":15},"end":{"line":120,"column":10}},"32":{"start":{"line":122,"column":15},"end":{"line":122,"column":23}},"33":{"start":{"line":123,"column":2},"end":{"line":133,"column":null}},"34":{"start":{"line":124,"column":4},"end":{"line":126,"column":null}},"35":{"start":{"line":125,"column":6},"end":{"line":125,"column":19}},"36":{"start":{"line":128,"column":4},"end":{"line":130,"column":null}},"37":{"start":{"line":129,"column":6},"end":{"line":129,"column":19}},"38":{"start":{"line":132,"column":4},"end":{"line":132,"column":32}},"39":{"start":{"line":135,"column":2},"end":{"line":135,"column":14}},"40":{"start":{"line":116,"column":0},"end":{"line":116,"column":16}},"41":{"start":{"line":148,"column":15},"end":{"line":150,"column":10}},"42":{"start":{"line":152,"column":15},"end":{"line":152,"column":25}},"43":{"start":{"line":153,"column":2},"end":{"line":163,"column":null}},"44":{"start":{"line":154,"column":4},"end":{"line":160,"column":null}},"45":{"start":{"line":155,"column":6},"end":{"line":157,"column":null}},"46":{"start":{"line":156,"column":9},"end":{"line":156,"column":47}},"47":{"start":{"line":159,"column":6},"end":{"line":159,"column":19}},"48":{"start":{"line":162,"column":4},"end":{"line":162,"column":32}},"49":{"start":{"line":165,"column":2},"end":{"line":172,"column":null}},"50":{"start":{"line":167,"column":9},"end":{"line":167,"column":54}},"51":{"start":{"line":169,"column":4},"end":{"line":171,"column":null}},"52":{"start":{"line":170,"column":6},"end":{"line":170,"column":26}},"53":{"start":{"line":174,"column":2},"end":{"line":174,"column":14}},"54":{"start":{"line":147,"column":0},"end":{"line":147,"column":16}},"55":{"start":{"line":186,"column":2},"end":{"line":190,"column":42}},"56":{"start":{"line":190,"column":22},"end":{"line":190,"column":28}},"57":{"start":{"line":185,"column":0},"end":{"line":185,"column":16}},"58":{"start":{"line":202,"column":15},"end":{"line":205,"column":10}},"59":{"start":{"line":207,"column":15},"end":{"line":207,"column":23}},"60":{"start":{"line":209,"column":2},"end":{"line":223,"column":null}},"61":{"start":{"line":210,"column":4},"end":{"line":212,"column":null}},"62":{"start":{"line":211,"column":6},"end":{"line":211,"column":112}},"63":{"start":{"line":215,"column":4},"end":{"line":217,"column":null}},"64":{"start":{"line":216,"column":6},"end":{"line":216,"column":30}},"65":{"start":{"line":220,"column":4},"end":{"line":222,"column":null}},"66":{"start":{"line":221,"column":6},"end":{"line":221,"column":34}},"67":{"start":{"line":225,"column":2},"end":{"line":227,"column":null}},"68":{"start":{"line":226,"column":4},"end":{"line":226,"column":36}},"69":{"start":{"line":230,"column":2},"end":{"line":234,"column":null}},"70":{"start":{"line":231,"column":4},"end":{"line":231,"column":51}},"71":{"start":{"line":233,"column":4},"end":{"line":233,"column":31}},"72":{"start":{"line":201,"column":0},"end":{"line":201,"column":16}},"73":{"start":{"line":249,"column":17},"end":{"line":249,"column":31}},"74":{"start":{"line":250,"column":2},"end":{"line":252,"column":null}},"75":{"start":{"line":251,"column":4},"end":{"line":251,"column":58}},"76":{"start":{"line":255,"column":2},"end":{"line":255,"column":18}},"77":{"start":{"line":248,"column":0},"end":{"line":248,"column":16}},"78":{"start":{"line":267,"column":2},"end":{"line":267,"column":88}},"79":{"start":{"line":265,"column":0},"end":{"line":265,"column":16}},"80":{"start":{"line":279,"column":2},"end":{"line":279,"column":94}},"81":{"start":{"line":277,"column":0},"end":{"line":277,"column":16}},"82":{"start":{"line":292,"column":2},"end":{"line":292,"column":82}},"83":{"start":{"line":291,"column":0},"end":{"line":291,"column":16}},"84":{"start":{"line":296,"column":2},"end":{"line":298,"column":null}},"85":{"start":{"line":297,"column":4},"end":{"line":297,"column":null}},"86":{"start":{"line":300,"column":31},"end":{"line":302,"column":73}},"87":{"start":{"line":304,"column":2},"end":{"line":306,"column":null}},"88":{"start":{"line":305,"column":4},"end":{"line":305,"column":53}},"89":{"start":{"line":308,"column":2},"end":{"line":313,"column":null}},"90":{"start":{"line":309,"column":22},"end":{"line":309,"column":133}},"91":{"start":{"line":310,"column":4},"end":{"line":312,"column":null}},"92":{"start":{"line":311,"column":6},"end":{"line":311,"column":97}},"93":{"start":{"line":315,"column":33},"end":{"line":315,"column":99}},"94":{"start":{"line":316,"column":21},"end":{"line":316,"column":29}},"95":{"start":{"line":318,"column":2},"end":{"line":333,"column":null}},"96":{"start":{"line":319,"column":4},"end":{"line":327,"column":null}},"97":{"start":{"line":320,"column":6},"end":{"line":326,"column":null}},"98":{"start":{"line":321,"column":8},"end":{"line":321,"column":45}},"99":{"start":{"line":322,"column":13},"end":{"line":326,"column":null}},"100":{"start":{"line":323,"column":8},"end":{"line":323,"column":17}},"101":{"start":{"line":325,"column":8},"end":{"line":325,"column":106}},"102":{"start":{"line":329,"column":22},"end":{"line":329,"column":120}},"103":{"start":{"line":330,"column":4},"end":{"line":332,"column":null}},"104":{"start":{"line":331,"column":6},"end":{"line":331,"column":97}},"105":{"start":{"line":335,"column":2},"end":{"line":339,"column":null}},"106":{"start":{"line":336,"column":4},"end":{"line":336,"column":106}},"107":{"start":{"line":338,"column":4},"end":{"line":338,"column":24}},"108":{"start":{"line":343,"column":2},"end":{"line":351,"column":null}},"109":{"start":{"line":344,"column":4},"end":{"line":348,"column":null}},"110":{"start":{"line":345,"column":6},"end":{"line":345,"column":103}},"111":{"start":{"line":347,"column":6},"end":{"line":347,"column":76}},"112":{"start":{"line":350,"column":4},"end":{"line":350,"column":16}},"113":{"start":{"line":374,"column":2},"end":{"line":376,"column":null}},"114":{"start":{"line":375,"column":4},"end":{"line":375,"column":26}},"115":{"start":{"line":379,"column":15},"end":{"line":381,"column":8}},"116":{"start":{"line":384,"column":16},"end":{"line":384,"column":19}},"117":{"start":{"line":385,"column":55},"end":{"line":385,"column":59}},"118":{"start":{"line":386,"column":2},"end":{"line":406,"column":null}},"119":{"start":{"line":388,"column":4},"end":{"line":392,"column":null}},"120":{"start":{"line":389,"column":6},"end":{"line":389,"column":83}},"121":{"start":{"line":391,"column":6},"end":{"line":391,"column":44}},"122":{"start":{"line":395,"column":4},"end":{"line":399,"column":null}},"123":{"start":{"line":396,"column":6},"end":{"line":398,"column":9}},"124":{"start":{"line":397,"column":8},"end":{"line":397,"column":35}},"125":{"start":{"line":402,"column":4},"end":{"line":402,"column":137}},"126":{"start":{"line":403,"column":4},"end":{"line":403,"column":89}},"127":{"start":{"line":404,"column":4},"end":{"line":404,"column":70}},"128":{"start":{"line":405,"column":4},"end":{"line":405,"column":74}},"129":{"start":{"line":408,"column":2},"end":{"line":410,"column":null}},"130":{"start":{"line":409,"column":4},"end":{"line":409,"column":23}},"131":{"start":{"line":412,"column":2},"end":{"line":416,"column":null}},"132":{"start":{"line":413,"column":18},"end":{"line":413,"column":39}},"133":{"start":{"line":415,"column":4},"end":{"line":415,"column":21}},"134":{"start":{"line":418,"column":2},"end":{"line":422,"column":null}},"135":{"start":{"line":419,"column":23},"end":{"line":419,"column":70}},"136":{"start":{"line":421,"column":4},"end":{"line":421,"column":26}},"137":{"start":{"line":425,"column":2},"end":{"line":427,"column":null}},"138":{"start":{"line":426,"column":4},"end":{"line":426,"column":25}},"139":{"start":{"line":429,"column":45},"end":{"line":429,"column":49}},"140":{"start":{"line":430,"column":2},"end":{"line":438,"column":null}},"141":{"start":{"line":431,"column":4},"end":{"line":431,"column":74}},"142":{"start":{"line":433,"column":4},"end":{"line":437,"column":35}},"143":{"start":{"line":434,"column":24},"end":{"line":436,"column":14}},"144":{"start":{"line":440,"column":2},"end":{"line":448,"column":null}},"145":{"start":{"line":441,"column":4},"end":{"line":441,"column":74}},"146":{"start":{"line":443,"column":4},"end":{"line":447,"column":35}},"147":{"start":{"line":444,"column":19},"end":{"line":446,"column":14}},"148":{"start":{"line":450,"column":2},"end":{"line":460,"column":null}},"149":{"start":{"line":451,"column":4},"end":{"line":459,"column":null}},"150":{"start":{"line":452,"column":6},"end":{"line":452,"column":76}},"151":{"start":{"line":454,"column":6},"end":{"line":455,"column":68}},"152":{"start":{"line":457,"column":6},"end":{"line":458,"column":68}},"153":{"start":{"line":462,"column":2},"end":{"line":462,"column":23}},"154":{"start":{"line":466,"column":4},"end":{"line":472,"column":14}},"155":{"start":{"line":469,"column":16},"end":{"line":469,"column":81}},"156":{"start":{"line":471,"column":16},"end":{"line":471,"column":43}},"157":{"start":{"line":368,"column":0},"end":{"line":368,"column":16}}},"fnMap":{"0":{"name":"(anonymous_0)","decl":{"start":{"line":26,"column":26},"end":{"line":26,"column":27}},"loc":{"start":{"line":28,"column":4},"end":{"line":28,"column":32}}},"1":{"name":"(anonymous_1)","decl":{"start":{"line":38,"column":24},"end":{"line":38,"column":25}},"loc":{"start":{"line":40,"column":4},"end":{"line":40,"column":49}}},"2":{"name":"(anonymous_2)","decl":{"start":{"line":45,"column":24},"end":{"line":45,"column":25}},"loc":{"start":{"line":47,"column":4},"end":{"line":47,"column":30}}},"3":{"name":"(anonymous_3)","decl":{"start":{"line":56,"column":23},"end":{"line":56,"column":24}},"loc":{"start":{"line":58,"column":4},"end":{"line":58,"column":25}}},"4":{"name":"IsTAbstractFile","decl":{"start":{"line":63,"column":16},"end":{"line":63,"column":31}},"loc":{"start":{"line":63,"column":51},"end":{"line":72,"column":1}}},"5":{"name":"IsTFile","decl":{"start":{"line":77,"column":16},"end":{"line":77,"column":23}},"loc":{"start":{"line":77,"column":43},"end":{"line":87,"column":1}}},"6":{"name":"IsTFolder","decl":{"start":{"line":92,"column":16},"end":{"line":92,"column":25}},"loc":{"start":{"line":92,"column":45},"end":{"line":102,"column":1}}},"7":{"name":"ContainsDeepProperty","decl":{"start":{"line":116,"column":16},"end":{"line":116,"column":36}},"loc":{"start":{"line":116,"column":80},"end":{"line":136,"column":1}}},"8":{"name":"TryToGetDeepProperty","decl":{"start":{"line":147,"column":16},"end":{"line":147,"column":36}},"loc":{"start":{"line":147,"column":107},"end":{"line":175,"column":1}}},"9":{"name":"GetDeepProperty","decl":{"start":{"line":185,"column":16},"end":{"line":185,"column":31}},"loc":{"start":{"line":185,"column":77},"end":{"line":191,"column":1}}},"10":{"name":"(anonymous_10)","decl":{"start":{"line":190,"column":12},"end":{"line":190,"column":13}},"loc":{"start":{"line":190,"column":22},"end":{"line":190,"column":28}}},"11":{"name":"SetDeepProperty","decl":{"start":{"line":201,"column":16},"end":{"line":201,"column":31}},"loc":{"start":{"line":201,"column":156},"end":{"line":235,"column":1}}},"12":{"name":"ParsePathFromNoteSource","decl":{"start":{"line":248,"column":16},"end":{"line":248,"column":39}},"loc":{"start":{"line":248,"column":59},"end":{"line":256,"column":1}}},"13":{"name":"BuildDataValueFileFullPath","decl":{"start":{"line":265,"column":16},"end":{"line":265,"column":42}},"loc":{"start":{"line":265,"column":59},"end":{"line":268,"column":1}}},"14":{"name":"BuildPrototypeFileFullPath","decl":{"start":{"line":277,"column":16},"end":{"line":277,"column":42}},"loc":{"start":{"line":277,"column":64},"end":{"line":280,"column":1}}},"15":{"name":"Path","decl":{"start":{"line":291,"column":16},"end":{"line":291,"column":20}},"loc":{"start":{"line":291,"column":97},"end":{"line":293,"column":1}}},"16":{"name":"_findPath","decl":{"start":{"line":295,"column":9},"end":{"line":295,"column":18}},"loc":{"start":{"line":295,"column":95},"end":{"line":340,"column":1}}},"17":{"name":"_addExtension","decl":{"start":{"line":342,"column":9},"end":{"line":342,"column":22}},"loc":{"start":{"line":342,"column":64},"end":{"line":352,"column":1}}},"18":{"name":"Splay","decl":{"start":{"line":368,"column":16},"end":{"line":368,"column":21}},"loc":{"start":{"line":371,"column":145},"end":{"line":474,"column":1}}},"19":{"name":"(anonymous_19)","decl":{"start":{"line":396,"column":101},"end":{"line":396,"column":111}},"loc":{"start":{"line":396,"column":130},"end":{"line":398,"column":7}}},"20":{"name":"(anonymous_20)","decl":{"start":{"line":434,"column":11},"end":{"line":434,"column":12}},"loc":{"start":{"line":434,"column":24},"end":{"line":436,"column":14}}},"21":{"name":"(anonymous_21)","decl":{"start":{"line":444,"column":11},"end":{"line":444,"column":15}},"loc":{"start":{"line":444,"column":19},"end":{"line":446,"column":14}}},"22":{"name":"seperateWordParts","decl":{"start":{"line":465,"column":11},"end":{"line":465,"column":28}},"loc":{"start":{"line":465,"column":68},"end":{"line":473,"column":3}}},"23":{"name":"(anonymous_23)","decl":{"start":{"line":469,"column":11},"end":{"line":469,"column":12}},"loc":{"start":{"line":469,"column":16},"end":{"line":469,"column":81}}},"24":{"name":"(anonymous_24)","decl":{"start":{"line":471,"column":11},"end":{"line":471,"column":12}},"loc":{"start":{"line":471,"column":16},"end":{"line":471,"column":43}}}},"branchMap":{"0":{"loc":{"start":{"line":40,"column":4},"end":{"line":40,"column":49}},"type":"binary-expr","locations":[{"start":{"line":40,"column":4},"end":{"line":40,"column":30}},{"start":{"line":40,"column":34},"end":{"line":40,"column":49}}]},"1":{"loc":{"start":{"line":64,"column":2},"end":{"line":66,"column":null}},"type":"if","locations":[{"start":{"line":64,"column":2},"end":{"line":66,"column":null}}]},"2":{"loc":{"start":{"line":69,"column":9},"end":{"line":71,"column":38}},"type":"binary-expr","locations":[{"start":{"line":69,"column":9},"end":{"line":69,"column":25}},{"start":{"line":70,"column":7},"end":{"line":70,"column":37}},{"start":{"line":71,"column":7},"end":{"line":71,"column":38}}]},"3":{"loc":{"start":{"line":78,"column":2},"end":{"line":80,"column":null}},"type":"if","locations":[{"start":{"line":78,"column":2},"end":{"line":80,"column":null}}]},"4":{"loc":{"start":{"line":85,"column":9},"end":{"line":86,"column":48}},"type":"binary-expr","locations":[{"start":{"line":85,"column":9},"end":{"line":85,"column":32}},{"start":{"line":86,"column":7},"end":{"line":86,"column":48}}]},"5":{"loc":{"start":{"line":93,"column":2},"end":{"line":95,"column":null}},"type":"if","locations":[{"start":{"line":93,"column":2},"end":{"line":95,"column":null}}]},"6":{"loc":{"start":{"line":100,"column":9},"end":{"line":101,"column":48}},"type":"binary-expr","locations":[{"start":{"line":100,"column":9},"end":{"line":100,"column":32}},{"start":{"line":101,"column":7},"end":{"line":101,"column":48}}]},"7":{"loc":{"start":{"line":117,"column":15},"end":{"line":120,"column":10}},"type":"cond-expr","locations":[{"start":{"line":118,"column":7},"end":{"line":119,"column":17}},{"start":{"line":120,"column":6},"end":{"line":120,"column":10}}]},"8":{"loc":{"start":{"line":124,"column":4},"end":{"line":126,"column":null}},"type":"if","locations":[{"start":{"line":124,"column":4},"end":{"line":126,"column":null}}]},"9":{"loc":{"start":{"line":128,"column":4},"end":{"line":130,"column":null}},"type":"if","locations":[{"start":{"line":128,"column":4},"end":{"line":130,"column":null}}]},"10":{"loc":{"start":{"line":148,"column":15},"end":{"line":150,"column":10}},"type":"cond-expr","locations":[{"start":{"line":149,"column":6},"end":{"line":149,"column":31}},{"start":{"line":150,"column":6},"end":{"line":150,"column":10}}]},"11":{"loc":{"start":{"line":154,"column":4},"end":{"line":160,"column":null}},"type":"if","locations":[{"start":{"line":154,"column":4},"end":{"line":160,"column":null}}]},"12":{"loc":{"start":{"line":154,"column":8},"end":{"line":154,"column":63}},"type":"binary-expr","locations":[{"start":{"line":154,"column":8},"end":{"line":154,"column":25}},{"start":{"line":154,"column":29},"end":{"line":154,"column":63}}]},"13":{"loc":{"start":{"line":155,"column":6},"end":{"line":157,"column":null}},"type":"if","locations":[{"start":{"line":155,"column":6},"end":{"line":157,"column":null}}]},"14":{"loc":{"start":{"line":155,"column":10},"end":{"line":155,"column":55}},"type":"binary-expr","locations":[{"start":{"line":155,"column":10},"end":{"line":155,"column":16}},{"start":{"line":155,"column":21},"end":{"line":155,"column":55}}]},"15":{"loc":{"start":{"line":165,"column":2},"end":{"line":172,"column":null}},"type":"if","locations":[{"start":{"line":165,"column":2},"end":{"line":172,"column":null}}]},"16":{"loc":{"start":{"line":167,"column":9},"end":{"line":167,"column":54}},"type":"cond-expr","locations":[{"start":{"line":167,"column":44},"end":{"line":167,"column":48}},{"start":{"line":167,"column":48},"end":{"line":167,"column":54}}]},"17":{"loc":{"start":{"line":167,"column":9},"end":{"line":167,"column":48}},"type":"binary-expr","locations":[{"start":{"line":167,"column":9},"end":{"line":167,"column":48}},{"start":{"line":167,"column":44},"end":{"line":167,"column":48}}]},"18":{"loc":{"start":{"line":167,"column":10},"end":{"line":167,"column":44}},"type":"cond-expr","locations":[{"start":{"line":167,"column":16},"end":{"line":167,"column":36}},{"start":{"line":167,"column":10},"end":{"line":167,"column":44}}]},"19":{"loc":{"start":{"line":167,"column":10},"end":{"line":167,"column":36}},"type":"binary-expr","locations":[{"start":{"line":167,"column":10},"end":{"line":167,"column":38}},{"start":{"line":167,"column":10},"end":{"line":167,"column":36}}]},"20":{"loc":{"start":{"line":169,"column":4},"end":{"line":171,"column":null}},"type":"if","locations":[{"start":{"line":169,"column":4},"end":{"line":171,"column":null}}]},"21":{"loc":{"start":{"line":186,"column":10},"end":{"line":189,"column":24}},"type":"cond-expr","locations":[{"start":{"line":187,"column":7},"end":{"line":188,"column":17}},{"start":{"line":189,"column":7},"end":{"line":189,"column":24}}]},"22":{"loc":{"start":{"line":190,"column":22},"end":{"line":190,"column":28}},"type":"cond-expr","locations":[{"start":{"line":190,"column":23},"end":{"line":190,"column":26}},{"start":{"line":190,"column":22},"end":{"line":190,"column":28}}]},"23":{"loc":{"start":{"line":190,"column":22},"end":{"line":190,"column":26}},"type":"binary-expr","locations":[{"start":{"line":190,"column":22},"end":{"line":190,"column":26}},{"start":{"line":190,"column":22},"end":{"line":190,"column":26}}]},"24":{"loc":{"start":{"line":202,"column":15},"end":{"line":205,"column":10}},"type":"cond-expr","locations":[{"start":{"line":203,"column":7},"end":{"line":204,"column":17}},{"start":{"line":205,"column":6},"end":{"line":205,"column":10}}]},"25":{"loc":{"start":{"line":210,"column":4},"end":{"line":212,"column":null}},"type":"if","locations":[{"start":{"line":210,"column":4},"end":{"line":212,"column":null}}]},"26":{"loc":{"start":{"line":215,"column":4},"end":{"line":217,"column":null}},"type":"if","locations":[{"start":{"line":215,"column":4},"end":{"line":217,"column":null}}]},"27":{"loc":{"start":{"line":220,"column":4},"end":{"line":222,"column":null}},"type":"if","locations":[{"start":{"line":220,"column":4},"end":{"line":222,"column":null}}]},"28":{"loc":{"start":{"line":225,"column":2},"end":{"line":227,"column":null}},"type":"if","locations":[{"start":{"line":225,"column":2},"end":{"line":227,"column":null}}]},"29":{"loc":{"start":{"line":230,"column":2},"end":{"line":234,"column":null}},"type":"if","locations":[{"start":{"line":230,"column":2},"end":{"line":234,"column":null}},{"start":{"line":232,"column":9},"end":{"line":234,"column":null}}]},"30":{"loc":{"start":{"line":230,"column":6},"end":{"line":230,"column":77}},"type":"binary-expr","locations":[{"start":{"line":230,"column":6},"end":{"line":230,"column":56}},{"start":{"line":230,"column":60},"end":{"line":230,"column":77}}]},"31":{"loc":{"start":{"line":249,"column":17},"end":{"line":249,"column":31}},"type":"binary-expr","locations":[{"start":{"line":249,"column":17},"end":{"line":249,"column":23}},{"start":{"line":249,"column":27},"end":{"line":249,"column":31}}]},"32":{"loc":{"start":{"line":250,"column":2},"end":{"line":252,"column":null}},"type":"if","locations":[{"start":{"line":250,"column":2},"end":{"line":252,"column":null}}]},"33":{"loc":{"start":{"line":250,"column":6},"end":{"line":250,"column":41}},"type":"binary-expr","locations":[{"start":{"line":250,"column":6},"end":{"line":250,"column":22}},{"start":{"line":250,"column":26},"end":{"line":250,"column":41}}]},"34":{"loc":{"start":{"line":291,"column":44},"end":{"line":291,"column":76}},"type":"default-arg","locations":[{"start":{"line":291,"column":74},"end":{"line":291,"column":76}}]},"35":{"loc":{"start":{"line":295,"column":42},"end":{"line":295,"column":74}},"type":"default-arg","locations":[{"start":{"line":295,"column":72},"end":{"line":295,"column":74}}]},"36":{"loc":{"start":{"line":296,"column":2},"end":{"line":298,"column":null}},"type":"if","locations":[{"start":{"line":296,"column":2},"end":{"line":298,"column":null}}]},"37":{"loc":{"start":{"line":300,"column":31},"end":{"line":302,"column":73}},"type":"cond-expr","locations":[{"start":{"line":301,"column":7},"end":{"line":301,"column":62}},{"start":{"line":302,"column":6},"end":{"line":302,"column":73}}]},"38":{"loc":{"start":{"line":304,"column":2},"end":{"line":306,"column":null}},"type":"if","locations":[{"start":{"line":304,"column":2},"end":{"line":306,"column":null}}]},"39":{"loc":{"start":{"line":308,"column":2},"end":{"line":313,"column":null}},"type":"if","locations":[{"start":{"line":308,"column":2},"end":{"line":313,"column":null}}]},"40":{"loc":{"start":{"line":310,"column":4},"end":{"line":312,"column":null}},"type":"if","locations":[{"start":{"line":310,"column":4},"end":{"line":312,"column":null}}]},"41":{"loc":{"start":{"line":318,"column":2},"end":{"line":333,"column":null}},"type":"if","locations":[{"start":{"line":318,"column":2},"end":{"line":333,"column":null}},{"start":{"line":328,"column":9},"end":{"line":333,"column":null}}]},"42":{"loc":{"start":{"line":318,"column":6},"end":{"line":318,"column":31}},"type":"binary-expr","locations":[{"start":{"line":318,"column":6},"end":{"line":318,"column":13}},{"start":{"line":318,"column":17},"end":{"line":318,"column":31}}]},"43":{"loc":{"start":{"line":320,"column":6},"end":{"line":326,"column":null}},"type":"if","locations":[{"start":{"line":320,"column":6},"end":{"line":326,"column":null}},{"start":{"line":322,"column":13},"end":{"line":326,"column":null}}]},"44":{"loc":{"start":{"line":322,"column":13},"end":{"line":326,"column":null}},"type":"if","locations":[{"start":{"line":322,"column":13},"end":{"line":326,"column":null}},{"start":{"line":324,"column":13},"end":{"line":326,"column":null}}]},"45":{"loc":{"start":{"line":325,"column":33},"end":{"line":325,"column":104}},"type":"cond-expr","locations":[{"start":{"line":325,"column":48},"end":{"line":325,"column":99}},{"start":{"line":325,"column":102},"end":{"line":325,"column":104}}]},"46":{"loc":{"start":{"line":330,"column":4},"end":{"line":332,"column":null}},"type":"if","locations":[{"start":{"line":330,"column":4},"end":{"line":332,"column":null}}]},"47":{"loc":{"start":{"line":335,"column":2},"end":{"line":339,"column":null}},"type":"if","locations":[{"start":{"line":335,"column":2},"end":{"line":339,"column":null}},{"start":{"line":337,"column":9},"end":{"line":339,"column":null}}]},"48":{"loc":{"start":{"line":336,"column":33},"end":{"line":336,"column":104}},"type":"cond-expr","locations":[{"start":{"line":336,"column":48},"end":{"line":336,"column":99}},{"start":{"line":336,"column":102},"end":{"line":336,"column":104}}]},"49":{"loc":{"start":{"line":343,"column":2},"end":{"line":351,"column":null}},"type":"if","locations":[{"start":{"line":343,"column":2},"end":{"line":351,"column":null}},{"start":{"line":349,"column":9},"end":{"line":351,"column":null}}]},"50":{"loc":{"start":{"line":344,"column":4},"end":{"line":348,"column":null}},"type":"if","locations":[{"start":{"line":344,"column":4},"end":{"line":348,"column":null}},{"start":{"line":346,"column":11},"end":{"line":348,"column":null}}]},"51":{"loc":{"start":{"line":370,"column":2},"end":{"line":370,"column":72}},"type":"default-arg","locations":[{"start":{"line":370,"column":43},"end":{"line":370,"column":72}}]},"52":{"loc":{"start":{"line":371,"column":2},"end":{"line":371,"column":145}},"type":"default-arg","locations":[{"start":{"line":371,"column":110},"end":{"line":371,"column":145}}]},"53":{"loc":{"start":{"line":374,"column":2},"end":{"line":376,"column":null}},"type":"if","locations":[{"start":{"line":374,"column":2},"end":{"line":376,"column":null}}]},"54":{"loc":{"start":{"line":379,"column":15},"end":{"line":381,"column":8}},"type":"cond-expr","locations":[{"start":{"line":380,"column":6},"end":{"line":380,"column":11}},{"start":{"line":381,"column":6},"end":{"line":381,"column":8}}]},"55":{"loc":{"start":{"line":386,"column":2},"end":{"line":406,"column":null}},"type":"if","locations":[{"start":{"line":386,"column":2},"end":{"line":406,"column":null}}]},"56":{"loc":{"start":{"line":388,"column":4},"end":{"line":392,"column":null}},"type":"if","locations":[{"start":{"line":388,"column":4},"end":{"line":392,"column":null}},{"start":{"line":390,"column":11},"end":{"line":392,"column":null}}]},"57":{"loc":{"start":{"line":395,"column":4},"end":{"line":399,"column":null}},"type":"if","locations":[{"start":{"line":395,"column":4},"end":{"line":399,"column":null}}]},"58":{"loc":{"start":{"line":395,"column":8},"end":{"line":395,"column":82}},"type":"cond-expr","locations":[{"start":{"line":395,"column":39},"end":{"line":395,"column":41}},{"start":{"line":395,"column":8},"end":{"line":395,"column":82}}]},"59":{"loc":{"start":{"line":395,"column":8},"end":{"line":395,"column":41}},"type":"binary-expr","locations":[{"start":{"line":395,"column":8},"end":{"line":395,"column":41}},{"start":{"line":395,"column":8},"end":{"line":395,"column":41}}]},"60":{"loc":{"start":{"line":397,"column":15},"end":{"line":397,"column":34}},"type":"cond-expr","locations":[{"start":{"line":397,"column":19},"end":{"line":397,"column":30}},{"start":{"line":397,"column":33},"end":{"line":397,"column":34}}]},"61":{"loc":{"start":{"line":408,"column":2},"end":{"line":410,"column":null}},"type":"if","locations":[{"start":{"line":408,"column":2},"end":{"line":410,"column":null}}]},"62":{"loc":{"start":{"line":412,"column":2},"end":{"line":416,"column":null}},"type":"if","locations":[{"start":{"line":412,"column":2},"end":{"line":416,"column":null}}]},"63":{"loc":{"start":{"line":418,"column":2},"end":{"line":422,"column":null}},"type":"if","locations":[{"start":{"line":418,"column":2},"end":{"line":422,"column":null}}]},"64":{"loc":{"start":{"line":425,"column":2},"end":{"line":427,"column":null}},"type":"if","locations":[{"start":{"line":425,"column":2},"end":{"line":427,"column":null}}]},"65":{"loc":{"start":{"line":430,"column":2},"end":{"line":438,"column":null}},"type":"if","locations":[{"start":{"line":430,"column":2},"end":{"line":438,"column":null}}]},"66":{"loc":{"start":{"line":431,"column":4},"end":{"line":431,"column":74}},"type":"cond-expr","locations":[{"start":{"line":431,"column":4},"end":{"line":431,"column":18}},{"start":{"line":431,"column":4},"end":{"line":431,"column":73}}]},"67":{"loc":{"start":{"line":431,"column":4},"end":{"line":431,"column":23}},"type":"binary-expr","locations":[{"start":{"line":431,"column":4},"end":{"line":431,"column":23}},{"start":{"line":431,"column":4},"end":{"line":431,"column":23}}]},"68":{"loc":{"start":{"line":434,"column":24},"end":{"line":436,"column":14}},"type":"cond-expr","locations":[{"start":{"line":435,"column":10},"end":{"line":435,"column":58}},{"start":{"line":436,"column":10},"end":{"line":436,"column":14}}]},"69":{"loc":{"start":{"line":434,"column":25},"end":{"line":434,"column":40}},"type":"binary-expr","locations":[{"start":{"line":434,"column":25},"end":{"line":434,"column":32}},{"start":{"line":434,"column":36},"end":{"line":434,"column":40}}]},"70":{"loc":{"start":{"line":440,"column":2},"end":{"line":448,"column":null}},"type":"if","locations":[{"start":{"line":440,"column":2},"end":{"line":448,"column":null}}]},"71":{"loc":{"start":{"line":441,"column":4},"end":{"line":441,"column":74}},"type":"cond-expr","locations":[{"start":{"line":441,"column":4},"end":{"line":441,"column":18}},{"start":{"line":441,"column":4},"end":{"line":441,"column":73}}]},"72":{"loc":{"start":{"line":441,"column":4},"end":{"line":441,"column":23}},"type":"binary-expr","locations":[{"start":{"line":441,"column":4},"end":{"line":441,"column":23}},{"start":{"line":441,"column":4},"end":{"line":441,"column":23}}]},"73":{"loc":{"start":{"line":444,"column":19},"end":{"line":446,"column":14}},"type":"cond-expr","locations":[{"start":{"line":445,"column":10},"end":{"line":445,"column":58}},{"start":{"line":446,"column":10},"end":{"line":446,"column":14}}]},"74":{"loc":{"start":{"line":450,"column":2},"end":{"line":460,"column":null}},"type":"if","locations":[{"start":{"line":450,"column":2},"end":{"line":460,"column":null}}]},"75":{"loc":{"start":{"line":451,"column":4},"end":{"line":459,"column":null}},"type":"if","locations":[{"start":{"line":451,"column":4},"end":{"line":459,"column":null}},{"start":{"line":456,"column":11},"end":{"line":459,"column":null}}]},"76":{"loc":{"start":{"line":452,"column":6},"end":{"line":452,"column":76}},"type":"cond-expr","locations":[{"start":{"line":452,"column":6},"end":{"line":452,"column":20}},{"start":{"line":452,"column":6},"end":{"line":452,"column":75}}]},"77":{"loc":{"start":{"line":452,"column":6},"end":{"line":452,"column":25}},"type":"binary-expr","locations":[{"start":{"line":452,"column":6},"end":{"line":452,"column":25}},{"start":{"line":452,"column":6},"end":{"line":452,"column":25}}]}},"s":{"0":1,"1":1,"2":1,"3":1,"4":1,"5":1,"6":0,"7":1,"8":1,"9":12,"10":1,"11":1,"12":8,"13":1,"14":1,"15":15,"16":1,"17":12,"18":0,"19":12,"20":1,"21":12,"22":0,"23":12,"24":12,"25":1,"26":0,"27":0,"28":0,"29":0,"30":1,"31":0,"32":0,"33":0,"34":0,"35":0,"36":0,"37":0,"38":0,"39":0,"40":1,"41":0,"42":0,"43":0,"44":0,"45":0,"46":0,"47":0,"48":0,"49":0,"50":0,"51":0,"52":0,"53":0,"54":1,"55":0,"56":0,"57":1,"58":0,"59":0,"60":0,"61":0,"62":0,"63":0,"64":0,"65":0,"66":0,"67":0,"68":0,"69":0,"70":0,"71":0,"72":1,"73":0,"74":0,"75":0,"76":0,"77":1,"78":0,"79":1,"80":0,"81":1,"82":12,"83":1,"84":12,"85":1,"86":11,"87":11,"88":0,"89":11,"90":0,"91":0,"92":0,"93":11,"94":11,"95":11,"96":10,"97":10,"98":0,"99":10,"100":0,"101":10,"102":1,"103":0,"104":0,"105":10,"106":10,"107":0,"108":12,"109":0,"110":0,"111":0,"112":12,"113":0,"114":0,"115":0,"116":0,"117":0,"118":0,"119":0,"120":0,"121":0,"122":0,"123":0,"124":0,"125":0,"126":0,"127":0,"128":0,"129":0,"130":0,"131":0,"132":0,"133":0,"134":0,"135":0,"136":0,"137":0,"138":0,"139":0,"140":0,"141":0,"142":0,"143":0,"144":0,"145":0,"146":0,"147":0,"148":0,"149":0,"150":0,"151":0,"152":0,"153":0,"154":0,"155":0,"156":0,"157":1},"f":{"0":0,"1":12,"2":8,"3":15,"4":12,"5":12,"6":0,"7":0,"8":0,"9":0,"10":0,"11":0,"12":0,"13":0,"14":0,"15":12,"16":12,"17":12,"18":0,"19":0,"20":0,"21":0,"22":0,"23":0,"24":0},"b":{"0":[12,12],"1":[0],"2":[12,12,12],"3":[0],"4":[12,12],"5":[0],"6":[0,0],"7":[0,0],"8":[0],"9":[0],"10":[0,0],"11":[0],"12":[0,0],"13":[0],"14":[0,0],"15":[0],"16":[0,0],"17":[0,0],"18":[0,0],"19":[0,0],"20":[0],"21":[0,0],"22":[0,0],"23":[0,0],"24":[0,0],"25":[0],"26":[0],"27":[0],"28":[0],"29":[0,0],"30":[0,0],"31":[0,0],"32":[0],"33":[0,0],"34":[12],"35":[0],"36":[1],"37":[3,8],"38":[0],"39":[0],"40":[0],"41":[10,1],"42":[11,11],"43":[0,10],"44":[0,10],"45":[10,0],"46":[0],"47":[10,0],"48":[10,0],"49":[0,12],"50":[0,0],"51":[0],"52":[0],"53":[0],"54":[0,0],"55":[0],"56":[0,0],"57":[0],"58":[0,0],"59":[0,0],"60":[0,0],"61":[0],"62":[0],"63":[0],"64":[0],"65":[0],"66":[0,0],"67":[0,0],"68":[0,0],"69":[0,0],"70":[0],"71":[0,0],"72":[0,0],"73":[0,0],"74":[0],"75":[0,0],"76":[0,0],"77":[0,0]}}
,"C:\\Users\\super\\Projects\\meep-tech\\libraries\\js\\Obsidian\\plugins\\meta-scy\\src\\components\\markdown.tsx": {"path":"C:\\Users\\super\\Projects\\meep-tech\\libraries\\js\\Obsidian\\plugins\\meta-scy\\src\\components\\markdown.tsx","statementMap":{"0":{"start":{"line":1,"column":0},"end":{"line":1,"column":37}},"1":{"start":{"line":3,"column":0},"end":{"line":3,"column":null}},"2":{"start":{"line":18,"column":15},"end":{"line":43,"column":null}},"3":{"start":{"line":22,"column":35},"end":{"line":22,"column":93}},"4":{"start":{"line":23,"column":32},"end":{"line":23,"column":53}},"5":{"start":{"line":24,"column":44},"end":{"line":24,"column":49}},"6":{"start":{"line":25,"column":25},"end":{"line":25,"column":37}},"7":{"start":{"line":27,"column":42},"end":{"line":27,"column":57}},"8":{"start":{"line":29,"column":4},"end":{"line":38,"column":11}},"9":{"start":{"line":30,"column":6},"end":{"line":37,"column":null}},"10":{"start":{"line":31,"column":8},"end":{"line":36,"column":null}},"11":{"start":{"line":33,"column":38},"end":{"line":33,"column":101}},"12":{"start":{"line":34,"column":10},"end":{"line":34,"column":76}},"13":{"start":{"line":35,"column":10},"end":{"line":35,"column":31}},"14":{"start":{"line":40,"column":4},"end":{"line":42,"column":null}},"15":{"start":{"line":45,"column":15},"end":{"line":47,"column":4}}},"fnMap":{"0":{"name":"(anonymous_0)","decl":{"start":{"line":3,"column":0},"end":{"line":3,"column":17}},"loc":{"start":{"line":3,"column":40},"end":{"line":48,"column":1}}},"1":{"name":"(anonymous_1)","decl":{"start":{"line":18,"column":70},"end":{"line":18,"column":71}},"loc":{"start":{"line":21,"column":26},"end":{"line":43,"column":3}}},"2":{"name":"(anonymous_2)","decl":{"start":{"line":29,"column":14},"end":{"line":29,"column":17}},"loc":{"start":{"line":29,"column":19},"end":{"line":38,"column":5}}}},"branchMap":{"0":{"loc":{"start":{"line":20,"column":4},"end":{"line":20,"column":17}},"type":"default-arg","locations":[{"start":{"line":20,"column":15},"end":{"line":20,"column":17}}]},"1":{"loc":{"start":{"line":30,"column":6},"end":{"line":37,"column":null}},"type":"if","locations":[{"start":{"line":30,"column":6},"end":{"line":37,"column":null}}]},"2":{"loc":{"start":{"line":31,"column":8},"end":{"line":36,"column":null}},"type":"if","locations":[{"start":{"line":31,"column":8},"end":{"line":36,"column":null}}]},"3":{"loc":{"start":{"line":33,"column":38},"end":{"line":33,"column":101}},"type":"cond-expr","locations":[{"start":{"line":33,"column":95},"end":{"line":33,"column":99}},{"start":{"line":33,"column":99},"end":{"line":33,"column":101}}]},"4":{"loc":{"start":{"line":33,"column":38},"end":{"line":33,"column":99}},"type":"binary-expr","locations":[{"start":{"line":33,"column":38},"end":{"line":33,"column":99}},{"start":{"line":33,"column":95},"end":{"line":33,"column":99}}]},"5":{"loc":{"start":{"line":33,"column":38},"end":{"line":33,"column":95}},"type":"cond-expr","locations":[{"start":{"line":33,"column":84},"end":{"line":33,"column":86}},{"start":{"line":33,"column":84},"end":{"line":33,"column":95}}]},"6":{"loc":{"start":{"line":33,"column":38},"end":{"line":33,"column":86}},"type":"binary-expr","locations":[{"start":{"line":33,"column":38},"end":{"line":33,"column":86}},{"start":{"line":33,"column":84},"end":{"line":33,"column":86}}]},"7":{"loc":{"start":{"line":33,"column":38},"end":{"line":33,"column":84}},"type":"cond-expr","locations":[{"start":{"line":33,"column":71},"end":{"line":33,"column":73}},{"start":{"line":33,"column":71},"end":{"line":33,"column":84}}]},"8":{"loc":{"start":{"line":33,"column":38},"end":{"line":33,"column":73}},"type":"binary-expr","locations":[{"start":{"line":33,"column":38},"end":{"line":33,"column":73}},{"start":{"line":33,"column":71},"end":{"line":33,"column":73}}]},"9":{"loc":{"start":{"line":3,"column":17},"end":{"line":3,"column":null}},"type":"binary-expr","locations":[{"start":{"line":3,"column":17},"end":{"line":3,"column":40}},{"start":{"line":3,"column":17},"end":{"line":3,"column":null}}]}},"s":{"0":1,"1":1,"2":1,"3":0,"4":0,"5":0,"6":0,"7":0,"8":0,"9":0,"10":0,"11":0,"12":0,"13":0,"14":0,"15":1},"f":{"0":1,"1":0,"2":0},"b":{"0":[0],"1":[0],"2":[0],"3":[0,0],"4":[0,0],"5":[0,0],"6":[0,0],"7":[0,0],"8":[0,0],"9":[1,1]}}
,"C:\\Users\\super\\Projects\\meep-tech\\libraries\\js\\Obsidian\\plugins\\meta-scy\\src\\components\\sections.tsx": {"path":"C:\\Users\\super\\Projects\\meep-tech\\libraries\\js\\Obsidian\\plugins\\meta-scy\\src\\components\\sections.tsx","statementMap":{"0":{"start":{"line":1,"column":0},"end":{"line":1,"column":37}},"1":{"start":{"line":2,"column":0},"end":{"line":2,"column":43}},"2":{"start":{"line":5,"column":29},"end":{"line":5,"column":41}},"3":{"start":{"line":7,"column":0},"end":{"line":7,"column":null}},"4":{"start":{"line":31,"column":2},"end":{"line":31,"column":null}},"5":{"start":{"line":32,"column":4},"end":{"line":32,"column":null}},"6":{"start":{"line":33,"column":4},"end":{"line":33,"column":null}},"7":{"start":{"line":34,"column":4},"end":{"line":34,"column":null}},"8":{"start":{"line":40,"column":15},"end":{"line":44,"column":4}},"9":{"start":{"line":49,"column":15},"end":{"line":110,"column":null}},"10":{"start":{"line":55,"column":33},"end":{"line":55,"column":91}},"11":{"start":{"line":56,"column":36},"end":{"line":56,"column":41}},"12":{"start":{"line":57,"column":20},"end":{"line":57,"column":24}},"13":{"start":{"line":60,"column":4},"end":{"line":62,"column":null}},"14":{"start":{"line":61,"column":6},"end":{"line":61,"column":55}},"15":{"start":{"line":63,"column":4},"end":{"line":65,"column":null}},"16":{"start":{"line":64,"column":6},"end":{"line":64,"column":125}},"17":{"start":{"line":68,"column":50},"end":{"line":68,"column":64}},"18":{"start":{"line":69,"column":4},"end":{"line":72,"column":11}},"19":{"start":{"line":69,"column":25},"end":{"line":72,"column":7}},"20":{"start":{"line":70,"column":20},"end":{"line":70,"column":39}},"21":{"start":{"line":71,"column":6},"end":{"line":71,"column":32}},"22":{"start":{"line":75,"column":4},"end":{"line":106,"column":null}},"23":{"start":{"line":77,"column":6},"end":{"line":105,"column":null}},"24":{"start":{"line":79,"column":8},"end":{"line":104,"column":null}},"25":{"start":{"line":80,"column":10},"end":{"line":80,"column":52}},"26":{"start":{"line":83,"column":10},"end":{"line":103,"column":null}},"27":{"start":{"line":84,"column":12},"end":{"line":87,"column":20}},"28":{"start":{"line":89,"column":15},"end":{"line":103,"column":null}},"29":{"start":{"line":90,"column":12},"end":{"line":96,"column":20}},"30":{"start":{"line":99,"column":12},"end":{"line":102,"column":19}},"31":{"start":{"line":109,"column":4},"end":{"line":109,"column":41}},"32":{"start":{"line":135,"column":15},"end":{"line":195,"column":null}},"33":{"start":{"line":141,"column":23},"end":{"line":141,"column":79}},"34":{"start":{"line":142,"column":36},"end":{"line":142,"column":41}},"35":{"start":{"line":145,"column":4},"end":{"line":147,"column":null}},"36":{"start":{"line":146,"column":6},"end":{"line":146,"column":57}},"37":{"start":{"line":148,"column":4},"end":{"line":150,"column":null}},"38":{"start":{"line":149,"column":6},"end":{"line":149,"column":88}},"39":{"start":{"line":153,"column":52},"end":{"line":153,"column":66}},"40":{"start":{"line":154,"column":4},"end":{"line":162,"column":11}},"41":{"start":{"line":154,"column":25},"end":{"line":162,"column":7}},"42":{"start":{"line":156,"column":82},"end":{"line":156,"column":84}},"43":{"start":{"line":157,"column":6},"end":{"line":159,"column":null}},"44":{"start":{"line":158,"column":8},"end":{"line":158,"column":56}},"45":{"start":{"line":161,"column":6},"end":{"line":161,"column":41}},"46":{"start":{"line":165,"column":8},"end":{"line":168,"column":22}},"47":{"start":{"line":171,"column":4},"end":{"line":191,"column":null}},"48":{"start":{"line":173,"column":30},"end":{"line":175,"column":8}},"49":{"start":{"line":176,"column":6},"end":{"line":179,"column":null}},"50":{"start":{"line":177,"column":8},"end":{"line":178,"column":96}},"51":{"start":{"line":178,"column":53},"end":{"line":178,"column":95}},"52":{"start":{"line":180,"column":6},"end":{"line":184,"column":null}},"53":{"start":{"line":181,"column":8},"end":{"line":183,"column":19}},"54":{"start":{"line":182,"column":53},"end":{"line":182,"column":93}},"55":{"start":{"line":187,"column":6},"end":{"line":190,"column":10}},"56":{"start":{"line":189,"column":10},"end":{"line":189,"column":52}},"57":{"start":{"line":194,"column":4},"end":{"line":194,"column":41}},"58":{"start":{"line":200,"column":15},"end":{"line":203,"column":null}}},"fnMap":{"0":{"name":"(anonymous_0)","decl":{"start":{"line":7,"column":0},"end":{"line":7,"column":17}},"loc":{"start":{"line":7,"column":39},"end":{"line":204,"column":1}}},"1":{"name":"(anonymous_1)","decl":{"start":{"line":31,"column":2},"end":{"line":31,"column":14}},"loc":{"start":{"line":31,"column":31},"end":{"line":35,"column":3}}},"2":{"name":"(anonymous_2)","decl":{"start":{"line":49,"column":68},"end":{"line":49,"column":69}},"loc":{"start":{"line":54,"column":25},"end":{"line":110,"column":3}}},"3":{"name":"(anonymous_3)","decl":{"start":{"line":69,"column":14},"end":{"line":69,"column":23}},"loc":{"start":{"line":69,"column":25},"end":{"line":72,"column":7}}},"4":{"name":"(anonymous_4)","decl":{"start":{"line":69,"column":25},"end":{"line":69,"column":null}},"loc":{"start":{"line":69,"column":25},"end":{"line":72,"column":5}}},"5":{"name":"(anonymous_5)","decl":{"start":{"line":135,"column":70},"end":{"line":135,"column":71}},"loc":{"start":{"line":140,"column":26},"end":{"line":195,"column":3}}},"6":{"name":"(anonymous_6)","decl":{"start":{"line":154,"column":14},"end":{"line":154,"column":23}},"loc":{"start":{"line":154,"column":25},"end":{"line":162,"column":7}}},"7":{"name":"(anonymous_7)","decl":{"start":{"line":154,"column":25},"end":{"line":154,"column":null}},"loc":{"start":{"line":154,"column":25},"end":{"line":162,"column":5}}},"8":{"name":"(anonymous_8)","decl":{"start":{"line":178,"column":12},"end":{"line":178,"column":13}},"loc":{"start":{"line":178,"column":53},"end":{"line":178,"column":95}}},"9":{"name":"(anonymous_9)","decl":{"start":{"line":182,"column":12},"end":{"line":182,"column":13}},"loc":{"start":{"line":182,"column":53},"end":{"line":182,"column":93}}},"10":{"name":"(anonymous_10)","decl":{"start":{"line":188,"column":26},"end":{"line":188,"column":33}},"loc":{"start":{"line":189,"column":10},"end":{"line":189,"column":52}}}},"branchMap":{"0":{"loc":{"start":{"line":31,"column":14},"end":{"line":31,"column":null}},"type":"binary-expr","locations":[{"start":{"line":31,"column":14},"end":{"line":31,"column":31}},{"start":{"line":31,"column":14},"end":{"line":31,"column":null}}]},"1":{"loc":{"start":{"line":51,"column":4},"end":{"line":51,"column":31}},"type":"default-arg","locations":[{"start":{"line":51,"column":11},"end":{"line":51,"column":31}}]},"2":{"loc":{"start":{"line":52,"column":4},"end":{"line":52,"column":24}},"type":"default-arg","locations":[{"start":{"line":52,"column":15},"end":{"line":52,"column":24}}]},"3":{"loc":{"start":{"line":53,"column":4},"end":{"line":53,"column":18}},"type":"default-arg","locations":[{"start":{"line":53,"column":14},"end":{"line":53,"column":18}}]},"4":{"loc":{"start":{"line":60,"column":4},"end":{"line":62,"column":null}},"type":"if","locations":[{"start":{"line":60,"column":4},"end":{"line":62,"column":null}}]},"5":{"loc":{"start":{"line":63,"column":4},"end":{"line":65,"column":null}},"type":"if","locations":[{"start":{"line":63,"column":4},"end":{"line":65,"column":null}}]},"6":{"loc":{"start":{"line":75,"column":4},"end":{"line":106,"column":null}},"type":"if","locations":[{"start":{"line":75,"column":4},"end":{"line":106,"column":null}}]},"7":{"loc":{"start":{"line":77,"column":6},"end":{"line":105,"column":null}},"type":"if","locations":[{"start":{"line":77,"column":6},"end":{"line":105,"column":null}}]},"8":{"loc":{"start":{"line":77,"column":10},"end":{"line":77,"column":79}},"type":"binary-expr","locations":[{"start":{"line":77,"column":11},"end":{"line":77,"column":30}},{"start":{"line":77,"column":34},"end":{"line":77,"column":67}},{"start":{"line":77,"column":72},"end":{"line":77,"column":79}}]},"9":{"loc":{"start":{"line":79,"column":8},"end":{"line":104,"column":null}},"type":"if","locations":[{"start":{"line":79,"column":8},"end":{"line":104,"column":null}},{"start":{"line":81,"column":15},"end":{"line":104,"column":null}}]},"10":{"loc":{"start":{"line":83,"column":10},"end":{"line":103,"column":null}},"type":"if","locations":[{"start":{"line":83,"column":10},"end":{"line":103,"column":null}},{"start":{"line":89,"column":15},"end":{"line":103,"column":null}}]},"11":{"loc":{"start":{"line":89,"column":15},"end":{"line":103,"column":null}},"type":"if","locations":[{"start":{"line":89,"column":15},"end":{"line":103,"column":null}},{"start":{"line":98,"column":15},"end":{"line":103,"column":null}}]},"12":{"loc":{"start":{"line":93,"column":24},"end":{"line":95,"column":22}},"type":"cond-expr","locations":[{"start":{"line":94,"column":20},"end":{"line":94,"column":45}},{"start":{"line":95,"column":20},"end":{"line":95,"column":22}}]},"13":{"loc":{"start":{"line":137,"column":4},"end":{"line":137,"column":31}},"type":"default-arg","locations":[{"start":{"line":137,"column":11},"end":{"line":137,"column":31}}]},"14":{"loc":{"start":{"line":138,"column":4},"end":{"line":138,"column":24}},"type":"default-arg","locations":[{"start":{"line":138,"column":15},"end":{"line":138,"column":24}}]},"15":{"loc":{"start":{"line":139,"column":4},"end":{"line":139,"column":17}},"type":"default-arg","locations":[{"start":{"line":139,"column":13},"end":{"line":139,"column":17}}]},"16":{"loc":{"start":{"line":145,"column":4},"end":{"line":147,"column":null}},"type":"if","locations":[{"start":{"line":145,"column":4},"end":{"line":147,"column":null}}]},"17":{"loc":{"start":{"line":148,"column":4},"end":{"line":150,"column":null}},"type":"if","locations":[{"start":{"line":148,"column":4},"end":{"line":150,"column":null}}]},"18":{"loc":{"start":{"line":171,"column":4},"end":{"line":191,"column":null}},"type":"if","locations":[{"start":{"line":171,"column":4},"end":{"line":191,"column":null}}]},"19":{"loc":{"start":{"line":176,"column":6},"end":{"line":179,"column":null}},"type":"if","locations":[{"start":{"line":176,"column":6},"end":{"line":179,"column":null}}]},"20":{"loc":{"start":{"line":180,"column":6},"end":{"line":184,"column":null}},"type":"if","locations":[{"start":{"line":180,"column":6},"end":{"line":184,"column":null}}]},"21":{"loc":{"start":{"line":181,"column":29},"end":{"line":183,"column":18}},"type":"cond-expr","locations":[{"start":{"line":182,"column":12},"end":{"line":182,"column":93}},{"start":{"line":183,"column":12},"end":{"line":183,"column":18}}]},"22":{"loc":{"start":{"line":188,"column":9},"end":{"line":189,"column":53}},"type":"binary-expr","locations":[{"start":{"line":188,"column":9},"end":{"line":188,"column":13}},{"start":{"line":188,"column":17},"end":{"line":189,"column":53}}]},"23":{"loc":{"start":{"line":7,"column":17},"end":{"line":7,"column":null}},"type":"binary-expr","locations":[{"start":{"line":7,"column":17},"end":{"line":7,"column":39}},{"start":{"line":7,"column":17},"end":{"line":7,"column":null}}]}},"s":{"0":1,"1":1,"2":1,"3":1,"4":1,"5":1,"6":1,"7":1,"8":1,"9":1,"10":0,"11":0,"12":0,"13":0,"14":0,"15":0,"16":0,"17":0,"18":0,"19":0,"20":0,"21":0,"22":0,"23":0,"24":0,"25":0,"26":0,"27":0,"28":0,"29":0,"30":0,"31":0,"32":1,"33":0,"34":0,"35":0,"36":0,"37":0,"38":0,"39":0,"40":0,"41":0,"42":0,"43":0,"44":0,"45":0,"46":0,"47":0,"48":0,"49":0,"50":0,"51":0,"52":0,"53":0,"54":0,"55":0,"56":0,"57":0,"58":1},"f":{"0":1,"1":1,"2":0,"3":0,"4":0,"5":0,"6":0,"7":0,"8":0,"9":0,"10":0},"b":{"0":[1,1],"1":[0],"2":[0],"3":[0],"4":[0],"5":[0],"6":[0],"7":[0],"8":[0,0,0],"9":[0,0],"10":[0,0],"11":[0,0],"12":[0,0],"13":[0],"14":[0],"15":[0],"16":[0],"17":[0],"18":[0],"19":[0],"20":[0],"21":[0,0],"22":[0,0],"23":[1,1]}}
,"C:\\Users\\super\\Projects\\meep-tech\\libraries\\js\\Obsidian\\plugins\\meta-scy\\src\\editing\\bind.ts": {"path":"C:\\Users\\super\\Projects\\meep-tech\\libraries\\js\\Obsidian\\plugins\\meta-scy\\src\\editing\\bind.ts","statementMap":{"0":{"start":{"line":2,"column":0},"end":{"line":2,"column":72}},"1":{"start":{"line":12,"column":0},"end":{"line":12,"column":null}},"2":{"start":{"line":20,"column":0},"end":{"line":20,"column":75}},"3":{"start":{"line":30,"column":54},"end":{"line":154,"column":1}},"4":{"start":{"line":37,"column":15},"end":{"line":37,"column":62}},"5":{"start":{"line":38,"column":22},"end":{"line":38,"column":77}},"6":{"start":{"line":42,"column":14},"end":{"line":42,"column":55}},"7":{"start":{"line":43,"column":2},"end":{"line":69,"column":null}},"8":{"start":{"line":45,"column":8},"end":{"line":45,"column":109}},"9":{"start":{"line":47,"column":16},"end":{"line":47,"column":17}},"10":{"start":{"line":48,"column":4},"end":{"line":62,"column":null}},"11":{"start":{"line":49,"column":6},"end":{"line":55,"column":91}},"12":{"start":{"line":56,"column":6},"end":{"line":56,"column":41}},"13":{"start":{"line":57,"column":6},"end":{"line":60,"column":9}},"14":{"start":{"line":61,"column":6},"end":{"line":61,"column":14}},"15":{"start":{"line":64,"column":4},"end":{"line":67,"column":7}},"16":{"start":{"line":68,"column":4},"end":{"line":68,"column":38}},"17":{"start":{"line":71,"column":2},"end":{"line":79,"column":null}},"18":{"start":{"line":72,"column":4},"end":{"line":78,"column":null}},"19":{"start":{"line":74,"column":4},"end":{"line":74,"column":24}},"20":{"start":{"line":77,"column":4},"end":{"line":77,"column":24}},"21":{"start":{"line":81,"column":2},"end":{"line":118,"column":null}},"22":{"start":{"line":82,"column":4},"end":{"line":82,"column":43}},"23":{"start":{"line":83,"column":4},"end":{"line":83,"column":31}},"24":{"start":{"line":85,"column":7},"end":{"line":118,"column":null}},"25":{"start":{"line":86,"column":14},"end":{"line":86,"column":66}},"26":{"start":{"line":88,"column":16},"end":{"line":88,"column":17}},"27":{"start":{"line":89,"column":4},"end":{"line":102,"column":null}},"28":{"start":{"line":90,"column":6},"end":{"line":96,"column":42}},"29":{"start":{"line":97,"column":6},"end":{"line":100,"column":9}},"30":{"start":{"line":101,"column":6},"end":{"line":101,"column":14}},"31":{"start":{"line":103,"column":4},"end":{"line":106,"column":7}},"32":{"start":{"line":107,"column":4},"end":{"line":107,"column":32}},"33":{"start":{"line":110,"column":4},"end":{"line":114,"column":31}},"34":{"start":{"line":115,"column":4},"end":{"line":117,"column":28}},"35":{"start":{"line":120,"column":2},"end":{"line":127,"column":4}},"36":{"start":{"line":130,"column":6},"end":{"line":136,"column":59}},"37":{"start":{"line":138,"column":24},"end":{"line":143,"column":14}},"38":{"start":{"line":145,"column":2},"end":{"line":147,"column":null}},"39":{"start":{"line":146,"column":4},"end":{"line":146,"column":58}},"40":{"start":{"line":149,"column":2},"end":{"line":153,"column":null}},"41":{"start":{"line":150,"column":4},"end":{"line":150,"column":42}},"42":{"start":{"line":152,"column":4},"end":{"line":152,"column":85}},"43":{"start":{"line":156,"column":0},"end":{"line":185,"column":null}},"44":{"start":{"line":157,"column":2},"end":{"line":159,"column":null}},"45":{"start":{"line":158,"column":4},"end":{"line":158,"column":13}},"46":{"start":{"line":161,"column":2},"end":{"line":166,"column":null}},"47":{"start":{"line":162,"column":4},"end":{"line":162,"column":20}},"48":{"start":{"line":164,"column":18},"end":{"line":164,"column":38}},"49":{"start":{"line":165,"column":4},"end":{"line":165,"column":null}},"50":{"start":{"line":165,"column":48},"end":{"line":165,"column":89}},"51":{"start":{"line":168,"column":68},"end":{"line":174,"column":92}},"52":{"start":{"line":174,"column":4},"end":{"line":174,"column":92}},"53":{"start":{"line":178,"column":3},"end":{"line":179,"column":27}},"54":{"start":{"line":183,"column":3},"end":{"line":184,"column":27}},"55":{"start":{"line":189,"column":4},"end":{"line":189,"column":39}},"56":{"start":{"line":192,"column":9},"end":{"line":192,"column":28}},"57":{"start":{"line":203,"column":62},"end":{"line":210,"column":1}},"58":{"start":{"line":209,"column":2},"end":{"line":209,"column":72}},"59":{"start":{"line":212,"column":0},"end":{"line":241,"column":null}},"60":{"start":{"line":213,"column":2},"end":{"line":215,"column":null}},"61":{"start":{"line":214,"column":4},"end":{"line":214,"column":13}},"62":{"start":{"line":218,"column":2},"end":{"line":223,"column":null}},"63":{"start":{"line":219,"column":4},"end":{"line":219,"column":20}},"64":{"start":{"line":221,"column":18},"end":{"line":221,"column":38}},"65":{"start":{"line":222,"column":4},"end":{"line":222,"column":null}},"66":{"start":{"line":222,"column":48},"end":{"line":222,"column":89}},"67":{"start":{"line":225,"column":75},"end":{"line":230,"column":85}},"68":{"start":{"line":230,"column":4},"end":{"line":230,"column":85}},"69":{"start":{"line":234,"column":3},"end":{"line":235,"column":27}},"70":{"start":{"line":239,"column":3},"end":{"line":240,"column":27}},"71":{"start":{"line":245,"column":4},"end":{"line":245,"column":47}},"72":{"start":{"line":248,"column":8},"end":{"line":248,"column":34}}},"fnMap":{"0":{"name":"(anonymous_0)","decl":{"start":{"line":30,"column":54},"end":{"line":30,"column":null}},"loc":{"start":{"line":36,"column":19},"end":{"line":154,"column":1}}},"1":{"name":"(anonymous_1)","decl":{"start":{"line":165,"colum
[...]
,"column":3}}},"14":{"name":"(anonymous_14)","decl":{"start":{"line":170,"column":2},"end":{"line":170,"column":8}},"loc":{"start":{"line":170,"column":57},"end":{"line":172,"column":3}}},"15":{"name":"(anonymous_15)","decl":{"start":{"line":173,"column":2},"end":{"line":173,"column":7}},"loc":{"start":{"line":173,"column":44},"end":{"line":175,"column":3}}},"16":{"name":"(anonymous_16)","decl":{"start":{"line":176,"column":2},"end":{"line":176,"column":8}},"loc":{"start":{"line":176,"column":45},"end":{"line":178,"column":3}}},"17":{"name":"(anonymous_17)","decl":{"start":{"line":179,"column":2},"end":{"line":179,"column":8}},"loc":{"start":{"line":179,"column":74},"end":{"line":181,"column":3}}},"18":{"name":"(anonymous_18)","decl":{"start":{"line":182,"column":2},"end":{"line":182,"column":14}},"loc":{"start":{"line":182,"column":85},"end":{"line":184,"column":3}}},"19":{"name":"(anonymous_19)","decl":{"start":{"line":185,"column":2},"end":{"line":185,"column":8}},"loc":{"start":{"line":185,"column":74},"end":{"line":187,"column":3}}},"20":{"name":"(anonymous_20)","decl":{"start":{"line":188,"column":2},"end":{"line":188,"column":6}},"loc":{"start":{"line":188,"column":35},"end":{"line":190,"column":3}}},"21":{"name":"(anonymous_21)","decl":{"start":{"line":191,"column":2},"end":{"line":191,"column":19}},"loc":{"start":{"line":191,"column":19},"end":{"line":193,"column":3}}},"22":{"name":"(anonymous_22)","decl":{"start":{"line":194,"column":2},"end":{"line":194,"column":18}},"loc":{"start":{"line":194,"column":18},"end":{"line":196,"column":3}}},"23":{"name":"(anonymous_23)","decl":{"start":{"line":197,"column":2},"end":{"line":197,"column":10}},"loc":{"start":{"line":197,"column":10},"end":{"line":199,"column":3}}},"24":{"name":"(anonymous_24)","decl":{"start":{"line":205,"column":2},"end":{"line":205,"column":4}},"loc":{"start":{"line":205,"column":52},"end":{"line":207,"column":3}}},"25":{"name":"(anonymous_25)","decl":{"start":{"line":208,"column":2},"end":{"line":208,"column":5}},"loc":{"start":{"line":208,"column":51},"end":{"line":210,"column":3}}},"26":{"name":"(anonymous_26)","decl":{"start":{"line":211,"column":2},"end":{"line":211,"column":8}},"loc":{"start":{"line":211,"column":22},"end":{"line":213,"column":3}}},"27":{"name":"(anonymous_27)","decl":{"start":{"line":214,"column":2},"end":{"line":214,"column":9}},"loc":{"start":{"line":214,"column":38},"end":{"line":216,"column":3}}},"28":{"name":"(anonymous_28)","decl":{"start":{"line":217,"column":2},"end":{"line":217,"column":12}},"loc":{"start":{"line":217,"column":39},"end":{"line":219,"column":3}}}},"branchMap":{"0":{"loc":{"start":{"line":51,"column":4},"end":{"line":51,"column":35}},"type":"default-arg","locations":[{"start":{"line":51,"column":33},"end":{"line":51,"column":35}}]},"1":{"loc":{"start":{"line":52,"column":4},"end":{"line":52,"column":37}},"type":"default-arg","locations":[{"start":{"line":52,"column":35},"end":{"line":52,"column":37}}]},"2":{"loc":{"start":{"line":53,"column":4},"end":{"line":53,"column":41}},"type":"default-arg","locations":[{"start":{"line":53,"column":39},"end":{"line":53,"column":41}}]},"3":{"loc":{"start":{"line":62,"column":31},"end":{"line":64,"column":58}},"type":"cond-expr","locations":[{"start":{"line":63,"column":10},"end":{"line":63,"column":49}},{"start":{"line":64,"column":10},"end":{"line":64,"column":58}}]},"4":{"loc":{"start":{"line":63,"column":10},"end":{"line":63,"column":49}},"type":"cond-expr","locations":[{"start":{"line":63,"column":23},"end":{"line":63,"column":44}},{"start":{"line":63,"column":47},"end":{"line":63,"column":49}}]},"5":{"loc":{"start":{"line":67,"column":6},"end":{"line":92,"column":null}},"type":"if","locations":[{"start":{"line":67,"column":6},"end":{"line":92,"column":null}},{"start":{"line":85,"column":13},"end":{"line":92,"column":null}}]},"6":{"loc":{"start":{"line":73,"column":8},"end":{"line":81,"column":null}},"type":"if","locations":[{"start":{"line":73,"column":8},"end":{"line":81,"column":null}}]},"7":{"loc":{"start":{"line":87,"column":30},"end":{"line":87,"column":74}},"type":"cond-expr","locations":[{"start":{"line":87,"column":48},"end":{"line":87,"column":53}},{"start":{"line":87,"column":57},"end":{"line":87,"column":73}}]},"8":{"loc":{"start":{"line":104,"column":4},"end":{"line":106,"column":null}},"type":"if","locations":[{"start":{"line":104,"column":4},"end":{"line":106,"column":null}}]},"9":{"loc":{"start":{"line":112,"column":6},"end":{"line":118,"column":null}},"type":"if","locations":[{"start":{"line":112,"column":6},"end":{"line":118,"column":null}},{"start":{"line":114,"column":13},"end":{"line":118,"column":null}}]},"10":{"loc":{"start":{"line":112,"column":11},"end":{"line":112,"column":44}},"type":"cond-expr","locations":[{"start":{"line":112,"column":22},"end":{"line":112,"column":34}},{"start":{"line":112,"column":11},"end":{"line":112,"column":44}}]},"11":{"loc":{"start":{"line":112,"column":11},"end":{"line":112,"column":34}},"type":"binary-expr","locations":[{"start":{"line":112,"column":11},"end":{"line":112,"column":36}},{"start":{"line":112,"column":11},"end":{"line":112,"column":34}}]},"12":{"loc":{"start":{"line":114,"column":13},"end":{"line":118,"column":null}},"type":"if","locations":[{"start":{"line":114,"column":13},"end":{"line":118,"column":null}},{"start":{"line":116,"column":13},"end":{"line":118,"column":null}}]},"13":{"loc":{"start":{"line":116,"column":13},"end":{"line":118,"column":null}},"type":"if","locations":[{"start":{"line":116,"column":13},"end":{"line":118,"column":null}}]},"14":{"loc":{"start":{"line":120,"column":6},"end":{"line":122,"column":null}},"type":"if","locations":[{"start":{"line":120,"column":6},"end":{"line":122,"column":null}}]},"15":{"loc":{"start":{"line":124,"column":6},"end":{"line":126,"column":null}},"type":"if","locations":[{"start":{"line":124,"column":6},"end":{"line":126,"column":null}}]},"16":{"loc":{"start":{"line":124,"column":11},"end":{"line":124,"column":44}},"type":"cond-expr","locations":[{"start":{"line":124,"column":22},"end":{"line":124,"column":34}},{"start":{"line":124,"column":11},"end":{"line":124,"column":44}}]},"17":{"loc":{"start":{"line":124,"column":11},"end":{"line":124,"column":34}},"type":"binary-expr","locations":[{"start":{"line":124,"column":11},"end":{"line":124,"column":36}},{"start":{"line":124,"column":11},"end":{"line":124,"column":34}}]},"18":{"loc":{"start":{"line":129,"column":11},"end":{"line":129,"column":30}},"type":"cond-expr","locations":[{"start":{"line":129,"column":11},"end":{"line":129,"column":22}},{"start":{"line":129,"column":26},"end":{"line":129,"column":30}}]},"19":{"loc":{"start":{"line":129,"column":11},"end":{"line":129,"column":26}},"type":"binary-expr","locations":[{"start":{"line":129,"column":11},"end":{"line":129,"column":26}},{"start":{"line":129,"column":11},"end":{"line":129,"column":26}}]},"20":{"loc":{"start":{"line":136,"column":4},"end":{"line":138,"column":null}},"type":"if","locations":[{"start":{"line":136,"column":4},"end":{"line":138,"column":null}}]},"21":{"loc":{"start":{"line":140,"column":6},"end":{"line":142,"column":12}},"type":"cond-expr","locations":[{"start":{"line":141,"column":10},"end":{"line":141,"column":47}},{"start":{"line":142,"column":10},"end":{"line":142,"column":12}}]}},"s":{"0":1,"1":1,"2":1,"3":1,"4":1,"5":1,"6":1,"7":1,"8":1,"9":1,"10":1,"11":1,"12":1,"13":4,"14":4,"15":12,"16":12,"17":4,"18":4,"19":4,"20":3,"21":4,"22":4,"23":8,"24":8,"25":8,"26":8,"27":8,"28":12,"29":4,"30":3,"31":3,"32":0,"33":3,"34":3,"35":3,"36":6,"37":3,"38":9,"39":3,"40":3,"41":3,"42":0,"43":0,"44":6,"45":0,"46":6,"47":3,"48":3,"49":0,"50":0,"51":0,"52":0,"53":0,"54":0,"55":0,"56":0,"57":0,"58":0,"59":0,"60":0,"61":0,"62":0,"63":0,"64":0,"65":0,"66":0,"67":0,"68":0,"69":0,"70":0,"71":0,"72":0,"73":0,"74":0,"75":0,"76":1},"f":{"0":1,"1":4,"2":3,"3":9,"4":3,"5":0,"6":0,"7":0,"8":0,"9":0,"10":0,"11":0,"12":0,"13":0,"14":0,"15":0,"16":0,"17":0,"18":0,"19":0,"20":0,"21":0,"22":0,"23":0,"24":0,"25":0,"26":0,"27":0,"28":0},"b":{"0":[1],"1":[1],"2":[1],"3":[3,9],"4":[2,1],"5":[4,8],"6":[3],"7":[1,7],"8":[0],"9":[3,3],"10":[0,6],"11":[6,6],"12":[3,0],"13":[0],"14":[0],"15":[3],"16":[0,6],"17":[6,6],"18":[3,0],"19":[3,3],"20":[0],"21":[0,0]}}
,"C:\\Users\\super\\Projects\\meep-tech\\libraries\\js\\Obsidian\\plugins\\meta-scy\\tests\\mocks\\plugins\\copy-as-html.ts": {"path":"C:\\Users\\super\\Projects\\meep-tech\\libraries\\js\\Obsidian\\plugins\\meta-scy\\tests\\mocks\\plugins\\copy-as-html.ts","statementMap":{"0":{"start":{"line":11,"column":4},"end":{"line":11,"column":19}},"1":{"start":{"line":18,"column":22},"end":{"line":18,"column":51}},"2":{"start":{"line":19,"column":15},"end":{"line":19,"column":42}},"3":{"start":{"line":20,"column":4},"end":{"line":20,"column":31}},"4":{"start":{"line":21,"column":4},"end":{"line":21,"column":34}},"5":{"start":{"line":23,"column":4},"end":{"line":23,"column":40}},"6":{"start":{"line":31,"column":22},"end":{"line":31,"column":51}},"7":{"start":{"line":32,"column":15},"end":{"line":32,"column":42}},"8":{"start":{"line":33,"column":4},"end":{"line":33,"column":30}},"9":{"start":{"line":34,"column":4},"end":{"line":34,"column":34}},"10":{"start":{"line":36,"column":4},"end":{"line":36,"column":40}},"11":{"start":{"line":7,"column":0},"end":{"line":7,"column":21}}},"fnMap":{"0":{"name":"(anonymous_0)","decl":{"start":{"line":10,"column":2},"end":{"line":10,"column":14}},"loc":{"start":{"line":10,"column":22},"end":{"line":12,"column":3}}},"1":{"name":"(anonymous_1)","decl":{"start":{"line":14,"column":2},"end":{"line":14,"column":13}},"loc":{"start":{"line":16,"column":86},"end":{"line":24,"column":3}}},"2":{"name":"(anonymous_2)","decl":{"start":{"line":26,"column":2},"end":{"line":26,"column":17}},"loc":{"start":{"line":29,"column":86},"end":{"line":37,"column":3}}}},"branchMap":{},"s":{"0":1,"1":0,"2":0,"3":0,"4":0,"5":0,"6":0,"7":0,"8":0,"9":0,"10":0,"11":1},"f":{"0":1,"1":0,"2":0},"b":{}}
,"C:\\Users\\super\\Projects\\meep-tech\\libraries\\js\\Obsidian\\plugins\\meta-scy\\tests\\mocks\\plugins\\meta-scry.ts": {"path":"C:\\Users\\super\\Projects\\meep-tech\\libraries\\js\\Obsidian\\plugins\\meta-scy\\tests\\mocks\\plugins\\meta-scry.ts","statementMap":{"0":{"start":{"line":14,"column":0},"end":{"line":14,"column":63}},"1":{"start":{"line":15,"column":0},"end":{"line":15,"column":62}},"2":{"start":{"line":16,"column":0},"end":{"line":16,"column":82}},"3":{"start":{"line":31,"column":4},"end":{"line":31,"column":20}},"4":{"start":{"line":35,"column":4},"end":{"line":35,"column":26}},"5":{"start":{"line":39,"column":4},"end":{"line":39,"column":23}},"6":{"start":{"line":43,"column":35},"end":{"line":43,"column":55}},"7":{"start":{"line":44,"column":4},"end":{"line":44,"column":45}},"8":{"start":{"line":45,"column":4},"end":{"line":45,"column":38}},"9":{"start":{"line":46,"column":4},"end":{"line":49,"column":7}},"10":{"start":{"line":51,"column":4},"end":{"line":51,"column":18}},"11":{"start":{"line":55,"column":4},"end":{"line":55,"column":32}},"12":{"start":{"line":56,"column":4},"end":{"line":56,"column":21}},"13":{"start":{"line":57,"column":4},"end":{"line":57,"column":53}},"14":{"start":{"line":59,"column":4},"end":{"line":59,"column":16}},"15":{"start":{"line":65,"column":4},"end":{"line":65,"column":33}},"16":{"start":{"line":69,"column":4},"end":{"line":69,"column":52}},"17":{"start":{"line":73,"column":4},"end":{"line":73,"column":52}},"18":{"start":{"line":79,"column":4},"end":{"line":79,"column":52}},"19":{"start":{"line":82,"column":4},"end":{"line":82,"column":52}},"20":{"start":{"line":85,"column":4},"end":{"line":85,"column":52}},"21":{"start":{"line":88,"column":4},"end":{"line":88,"column":52}},"22":{"start":{"line":91,"column":4},"end":{"line":91,"column":52}},"23":{"start":{"line":94,"column":4},"end":{"line":94,"column":52}},"24":{"start":{"line":97,"column":4},"end":{"line":97,"column":52}},"25":{"start":{"line":100,"column":4},"end":{"line":100,"column":52}},"26":{"start":{"line":103,"column":4},"end":{"line":103,"column":52}},"27":{"start":{"line":106,"column":4},"end":{"line":106,"column":52}},"28":{"start":{"line":109,"column":4},"end":{"line":109,"column":52}},"29":{"start":{"line":112,"column":4},"end":{"line":112,"column":52}},"30":{"start":{"line":115,"column":4},"end":{"line":115,"column":52}},"31":{"start":{"line":118,"column":4},"end":{"line":118,"column":52}},"32":{"start":{"line":121,"column":4},"end":{"line":121,"column":52}},"33":{"start":{"line":124,"column":4},"end":{"line":124,"column":52}},"34":{"start":{"line":127,"column":4},"end":{"line":127,"column":52}},"35":{"start":{"line":130,"column":4},"end":{"line":130,"column":52}},"36":{"start":{"line":133,"column":4},"end":{"line":133,"column":52}},"37":{"start":{"line":136,"column":4},"end":{"line":136,"column":52}},"38":{"start":{"line":139,"column":4},"end":{"line":139,"column":52}},"39":{"start":{"line":142,"column":4},"end":{"line":142,"column":52}},"40":{"start":{"line":151,"column":4},"end":{"line":151,"column":52}},"41":{"start":{"line":154,"column":4},"end":{"line":154,"column":52}},"42":{"start":{"line":157,"column":4},"end":{"line":157,"column":52}},"43":{"start":{"line":24,"column":0},"end":{"line":24,"column":21}}},"fnMap":{"0":{"name":"(anonymous_0)","decl":{"start":{"line":30,"column":2},"end":{"line":30,"column":6}},"loc":{"start":{"line":30,"column":9},"end":{"line":32,"column":3}}},"1":{"name":"(anonymous_1)","decl":{"start":{"line":34,"column":2},"end":{"line":34,"column":13}},"loc":{"start":{"line":34,"column":21},"end":{"line":36,"column":3}}},"2":{"name":"(anonymous_2)","decl":{"start":{"line":38,"column":2},"end":{"line":38,"column":6}},"loc":{"start":{"line":38,"column":9},"end":{"line":40,"column":3}}},"3":{"name":"(anonymous_3)","decl":{"start":{"line":42,"column":9},"end":{"line":42,"column":15}},"loc":{"start":{"line":42,"column":20},"end":{"line":52,"column":3}}},"4":{"name":"(anonymous_4)","decl":{"start":{"line":54,"column":9},"end":{"line":54,"column":13}},"loc":{"start":{"line":54,"column":25},"end":{"line":60,"column":3}}},"5":{"name":"(anonymous_5)","decl":{"start":{"line":64,"column":2},"end":{"line":64,"column":16}},"loc":{"start":{"line":64,"column":52},"end":{"line":66,"column":3}}},"6":{"name":"(anonymous_6)","decl":{"start":{"line":68,"column":2},"end":{"line":68,"column":21}},"loc":{"start":{"line":68,"column":33},"end":{"line":70,"column":3}}},"7":{"name":"(anonymous_7)","decl":{"start":{"line":72,"column":2},"end":{"line":72,"column":21}},"loc":{"start":{"line":72,"column":49},"end":{"line":74,"column":3}}},"8":{"name":"(anonymous_8)","decl":{"start":{"line":78,"column":2},"end":{"line":78,"column":15}},"loc":{"start":{"line":78,"column":79},"end":{"line":80,"column":3}}},"9":{"name":"(anonymous_9)","decl":{"start":{"line":81,"column":2},"end":{"line":81,"column":18}},"loc":{"start":{"line":81,"column":18},"end":{"line":83,"column":3}}},"10":{"name":"(anonymous_10)","decl":{"start":{"line":84,"column":2},"end":{"line":84,"column":12}},"loc":{"start":{"line":84,"column":29},"end":{"line":86,"column":3}}},"11":{"name":"(anonymous_11)","decl":{"start":{"line":87,"column":2},"end":{"line":87,"column":15}},"loc":{"start":{"line":87,"column":44},"end":{"line":89,"column":3}}},"12":{"name":"(anonymous_12)","decl":{"start":{"line":90,"column":2},"end":{"line":90,"column":14}},"loc":{"start":{"line":90,"column":53},"end":{"line":92,"column":3}}},"13":{"name":"(anonymous_13)","decl":{"start":{"line":93,"column":2},"end":{"line":93,"column":20}},"loc":{"start":{"line":93,"column":59},"end":{"line":95,"column":3}}},"14":{"name":"(anonymous_14)","decl":{"start":{"line":96,"column":2},"end":{"line":96,"column":31}},"loc":{"start":{"line":96,"column":100},"end":{"line":98,"column":3}}},"15":{"name":"(anonymous_15)","decl":{"start":{"line":99,"column":2},"end":{"line":99,"column":36}},"loc":{"start":{"line":99,"column":187},"end":{"line":101,"column":3}}},"16":{"name":"(anonymous_16)","decl":{"start":{"line":102,"column":2},"end":{"line":102,"column":20}},"loc":{"start":{"line":102,"column":47},"end":{"line":104,"column":3}}},"17":{"name":"(anonymous_17)","decl":{"start":{"line":105,"column":2},"end":{"line":105,"column":25}},"loc":{"start":{"line":105,"column":40},"end":{"line":107,"column":3}}},"18":{"name":"(anonymous_18)","decl":{"start":{"line":108,"column":2},"end":{"line":108,"column":33}},"loc":{"start":{"line":108,"column":82},"end":{"line":110,"column":3}}},"19":{"name":"(anonymous_19)","decl":{"start":{"line":111,"column":2},"end":{"line":111,"column":23}},"loc":{"start":{"line":111,"column":57},"end":{"line":113,"column":3}}},"20":{"name":"(anonymous_20)","decl":{"start":{"line":114,"column":2},"end":{"line":114,"column":10}},"loc":{"start":{"line":114,"column":10},"end":{"line":116,"column":3}}},"21":{"name":"(anonymous_21)","decl":{"start":{"line":117,"column":2},"end":{"line":117,"column":10}},"loc":{"start":{"line":117,"column":20},"end":{"line":119,"column":3}}},"22":{"name":"(anonymous_22)","decl":{"start":{"line":120,"column":2},"end":{"line":120,"column":6}},"loc":{"start":{"line":120,"column":6},"end":{"line":122,"column":3}}},"23":{"name":"(anonymous_23)","decl":{"start":{"line":123,"column":2},"end":{"line":123,"column":8}},"loc":{"start":{"line":123,"column":8},"end":{"line":125,"column":3}}},"24":{"name":"(anonymous_24)","decl":{"start":{"line":126,"column":2},"end":{"line":126,"column":8}},"loc":{"start":{"line":126,"column":8},"end":{"line":128,"column":3}}},"25":{"name":"(anonymous_25)","decl":{"start":{"line":129,"column":2},"end":{"line":129,"column":10}},"loc":{"start":{"line":129,"column":10},"end":{"line":131,"column":3}}},"26":{"name":"(anonymous_26)","decl":{"start":{"line":132,"column":2},"end":{"line":132,"column":10}},"loc":{"start":{"line":132,"column":44},"end":{"line":134,"column":3}}},"27":{"name":"(anonymous_27)","decl":{"start":{"line":135,"column":2},"end":{"line":135,"column":13}},"loc":{"start":{"line":135,"column":47},"end":{"line":137,"column":3}}},"28":{"name":"(anonymous_28)","decl":{"start":{"line":138,"column":2},"end":{"line":138,"column":10}},"loc":{"start":{"line":138,"column":24},"end":{"line":140,"column":3}}},"29":{"name":"(anonymous_29)","decl":{"start":{"line":141,"column":2},"end":{"line":141,"column":15}},"loc":{"start":{"line":141,"column":34},"end":{"line":143,"column":3}}},"30":{"name":"(anonymous_30)","decl":{"start":{"line":150,"column":2},"end":{"line":150,"column":18}},"loc":{"start":{"line":150,"column":83},"end":{"line":152,"column":3}}},"31":{"name":"(anonymous_31)","decl":{"start":{"line":153,"column":2},"end":{"line":153,"column":20}},"loc":{"start":{"line":153,"column":51},"end":{"line":155,"column":3}}},"32":{"name":"(anonymous_32)","decl":{"start":{"line":156,"column":2},"end":{"line":156,"column":18}},"loc":{"start":{"line":156,"column":29},"end":{"line":158,"column":3}}}},"branchMap":{"0":{"loc":{"start":{"line":55,"column":4},"end":{"line":55,"column":32}},"type":"cond-expr","locations":[{"start":{"line":55,"column":4},"end":{"line":55,"column":9}},{"start":{"line":55,"column":4},"end":{"line":55,"column":31}}]},"1":{"loc":{"start":{"line":55,"column":4},"end":{"line":55,"column":14}},"type":"binary-expr","locations":[{"start":{"line":55,"column":4},"end":{"line":55,"column":14}},{"start":{"line":55,"column":4},"end":{"line":55,"column":14}}]}},"s":{"0":1,"1":1,"2":1,"3":0,"4":0,"5":0,"6":1,"7":1,"8":1,"9":1,"10":1,"11":1,"12":1,"13":1,"14":1,"15":0,"16":0,"17":0,"18":0,"19":0,"20":0,"21":0,"22":0,"23":0,"24":0,"25":0,"26":0,"27":0,"28":0,"29":0,"30":0,"31":0,"32":0,"33":0,"34":0,"35":0,"36":0,"37":0,"38":0,"39":0,"40":0,"41":0,"42":0,"43":1},"f":{"0":0,"1":0,"2":0,"3":1,"4":1,"5":0,"6":0,"7":0,"8":0,"9":0,"10":0,"11":0,"12":0,"13":0,"14":0,"15":0,"16":0,"17":0,"18":0,"19":0,"20":0,"21":0,"22":0,"23":0,"24":0,"25":0,"26":0,"27":0,"28":0,"29":0,"30":0,"31":0,"32":0},"b":{"0":[1,0],"1":[1,1]}}
}
