TN:
SF:src\constants.ts
FN:7,(anonymous_0)
FN:12,(anonymous_1)
FN:54,(anonymous_2)
FNF:3
FNH:3
FNDA:1,(anonymous_0)
FNDA:1,(anonymous_1)
FNDA:1,(anonymous_2)
DA:1,1
DA:7,1
DA:8,1
DA:9,1
DA:12,1
DA:13,1
DA:14,1
DA:15,1
DA:16,1
DA:17,1
DA:18,1
DA:26,1
DA:27,1
DA:28,1
DA:29,1
DA:30,1
DA:32,1
DA:33,1
DA:34,1
DA:35,1
DA:36,1
DA:37,1
DA:39,1
DA:40,1
DA:41,1
DA:42,1
DA:43,1
DA:44,1
DA:46,1
DA:47,1
DA:48,1
DA:50,1
DA:51,1
DA:54,1
DA:55,1
DA:56,1
DA:57,1
DA:58,1
DA:59,1
DA:61,1
DA:62,1
DA:63,1
DA:64,1
DA:65,1
DA:67,1
DA:69,1
DA:70,1
DA:71,1
DA:72,1
DA:75,1
DA:89,1
DA:100,1
DA:110,1
DA:120,1
DA:125,1
DA:127,1
DA:129,1
DA:131,1
DA:133,1
DA:135,1
LF:60
LH:60
BRDA:7,0,0,1
BRDA:7,0,1,1
BRDA:12,1,0,1
BRDA:12,1,1,1
BRDA:54,2,0,1
BRDA:54,2,1,1
BRF:6
BRH:6
end_of_record
TN:
SF:src\static.ts
FN:55,(anonymous_0)
FN:62,(anonymous_1)
FN:69,(anonymous_2)
FN:76,(anonymous_3)
FN:83,(anonymous_4)
FN:92,(anonymous_5)
FN:100,(anonymous_6)
FN:111,(anonymous_7)
FN:117,(anonymous_8)
FN:117,(anonymous_9)
FN:126,(anonymous_10)
FN:133,(anonymous_11)
FN:140,(anonymous_12)
FN:157,(anonymous_14)
FN:176,(anonymous_16)
FN:199,(anonymous_18)
FN:224,(anonymous_20)
FN:239,(anonymous_21)
FN:284,(anonymous_22)
FN:216,(anonymous_23)
FNF:20
FNH:2
FNDA:0,(anonymous_0)
FNDA:0,(anonymous_1)
FNDA:0,(anonymous_2)
FNDA:9,(anonymous_3)
FNDA:0,(anonymous_4)
FNDA:0,(anonymous_5)
FNDA:0,(anonymous_6)
FNDA:0,(anonymous_7)
FNDA:0,(anonymous_8)
FNDA:0,(anonymous_9)
FNDA:0,(anonymous_10)
FNDA:0,(anonymous_11)
FNDA:0,(anonymous_12)
FNDA:0,(anonymous_14)
FNDA:0,(anonymous_16)
FNDA:0,(anonymous_18)
FNDA:0,(anonymous_20)
FNDA:1,(anonymous_21)
FNDA:0,(anonymous_22)
FNDA:0,(anonymous_23)
DA:1,1
DA:2,1
DA:10,1
DA:17,1
DA:31,1
DA:32,1
DA:33,1
DA:34,1
DA:46,1
DA:56,0
DA:63,0
DA:70,0
DA:77,9
DA:84,0
DA:93,0
DA:101,0
DA:112,0
DA:115,0
DA:117,0
DA:118,0
DA:124,0
DA:127,0
DA:134,0
DA:141,0
DA:143,0
DA:144,0
DA:147,0
DA:155,0
DA:158,0
DA:160,0
DA:161,0
DA:164,0
DA:172,0
DA:177,0
DA:179,0
DA:180,0
DA:181,0
DA:183,0
DA:187,0
DA:195,0
DA:200,0
DA:202,0
DA:209,0
DA:216,1
DA:217,0
DA:225,0
DA:248,1
DA:249,1
DA:250,1
DA:252,1
DA:265,1
DA:279,1
DA:281,1
DA:285,0
DA:286,0
DA:287,0
DA:288,0
LF:57
LH:18
BRDA:84,0,0,0
BRDA:84,0,1,0
BRDA:84,1,0,0
BRDA:84,1,1,0
BRDA:84,2,0,0
BRDA:84,2,1,0
BRDA:131,3,0,0
BRDA:131,3,1,0
BRDA:131,4,0,0
BRDA:131,4,1,0
BRDA:138,5,0,0
BRDA:138,5,1,0
BRDA:138,6,0,0
BRDA:138,6,1,0
BRDA:143,7,0,0
BRDA:152,8,0,0
BRDA:152,8,1,0
BRDA:152,9,0,0
BRDA:152,9,1,0
BRDA:155,10,0,0
BRDA:155,10,1,0
BRDA:155,11,0,0
BRDA:155,11,1,0
BRDA:155,12,0,0
BRDA:155,12,1,0
BRDA:160,13,0,0
BRDA:169,14,0,0
BRDA:169,14,1,0
BRDA:169,15,0,0
BRDA:169,15,1,0
BRDA:172,16,0,0
BRDA:172,16,1,0
BRDA:172,17,0,0
BRDA:172,17,1,0
BRDA:172,18,0,0
BRDA:172,18,1,0
BRDA:179,19,0,0
BRDA:180,20,0,0
BRDA:180,20,1,0
BRDA:192,21,0,0
BRDA:192,21,1,0
BRDA:192,22,0,0
BRDA:192,22,1,0
BRDA:195,23,0,0
BRDA:195,23,1,0
BRDA:195,24,0,0
BRDA:195,24,1,0
BRDA:195,25,0,0
BRDA:195,25,1,0
BRDA:206,26,0,0
BRDA:206,26,1,0
BRDA:206,27,0,0
BRDA:206,27,1,0
BRDA:209,28,0,0
BRDA:209,28,1,0
BRDA:209,29,0,0
BRDA:209,29,1,0
BRDA:209,30,0,0
BRDA:209,30,1,0
BRDA:239,31,0,0
BRDA:240,32,0,0
BRDA:248,33,0,1
BRDA:248,33,1,0
BRDA:265,34,0,1
BRDA:265,34,1,0
BRDA:217,35,0,0
BRDA:217,35,1,0
BRDA:218,36,0,0
BRDA:218,36,1,0
BRDA:219,37,0,0
BRDA:219,37,1,0
BRF:71
BRH:2
end_of_record
TN:
SF:src\utilities.ts
FN:26,(anonymous_0)
FN:38,(anonymous_1)
FN:45,(anonymous_2)
FN:56,(anonymous_3)
FN:63,IsTAbstractFile
FN:77,IsTFile
FN:92,IsTFolder
FN:116,ContainsDeepProperty
FN:147,TryToGetDeepProperty
FN:185,GetDeepProperty
FN:190,(anonymous_10)
FN:201,SetDeepProperty
FN:248,ParsePathFromNoteSource
FN:265,BuildDataValueFileFullPath
FN:277,BuildPrototypeFileFullPath
FN:291,Path
FN:295,_findPath
FN:342,_addExtension
FN:368,Splay
FN:396,(anonymous_19)
FN:434,(anonymous_20)
FN:444,(anonymous_21)
FN:465,seperateWordParts
FN:469,(anonymous_23)
FN:471,(anonymous_24)
FNF:25
FNH:8
FNDA:0,(anonymous_0)
FNDA:12,(anonymous_1)
FNDA:8,(anonymous_2)
FNDA:15,(anonymous_3)
FNDA:12,IsTAbstractFile
FNDA:12,IsTFile
FNDA:0,IsTFolder
FNDA:0,ContainsDeepProperty
FNDA:0,TryToGetDeepProperty
FNDA:0,GetDeepProperty
FNDA:0,(anonymous_10)
FNDA:0,SetDeepProperty
FNDA:0,ParsePathFromNoteSource
FNDA:0,BuildDataValueFileFullPath
FNDA:0,BuildPrototypeFileFullPath
FNDA:12,Path
FNDA:12,_findPath
FNDA:12,_addExtension
FNDA:0,Splay
FNDA:0,(anonymous_19)
FNDA:0,(anonymous_20)
FNDA:0,(anonymous_21)
FNDA:0,seperateWordParts
FNDA:0,(anonymous_23)
FNDA:0,(anonymous_24)
DA:1,1
DA:2,1
DA:3,1
DA:12,1
DA:15,1
DA:26,1
DA:28,0
DA:38,1
DA:40,12
DA:45,1
DA:47,8
DA:56,1
DA:58,15
DA:63,1
DA:64,12
DA:65,0
DA:69,12
DA:77,1
DA:78,12
DA:79,0
DA:83,12
DA:85,12
DA:92,1
DA:93,0
DA:94,0
DA:98,0
DA:100,0
DA:116,1
DA:117,0
DA:122,0
DA:123,0
DA:124,0
DA:125,0
DA:128,0
DA:129,0
DA:132,0
DA:135,0
DA:147,1
DA:148,0
DA:152,0
DA:153,0
DA:154,0
DA:155,0
DA:156,0
DA:159,0
DA:162,0
DA:165,0
DA:167,0
DA:169,0
DA:170,0
DA:174,0
DA:185,1
DA:186,0
DA:190,0
DA:201,1
DA:202,0
DA:207,0
DA:209,0
DA:210,0
DA:211,0
DA:215,0
DA:216,0
DA:220,0
DA:221,0
DA:225,0
DA:226,0
DA:230,0
DA:231,0
DA:233,0
DA:248,1
DA:249,0
DA:250,0
DA:251,0
DA:255,0
DA:265,1
DA:267,0
DA:277,1
DA:279,0
DA:291,1
DA:292,12
DA:296,12
DA:297,1
DA:300,11
DA:304,11
DA:305,0
DA:308,11
DA:309,0
DA:310,0
DA:311,0
DA:315,11
DA:316,11
DA:318,11
DA:319,10
DA:320,10
DA:321,0
DA:322,10
DA:323,0
DA:325,10
DA:329,1
DA:330,0
DA:331,0
DA:335,10
DA:336,10
DA:338,0
DA:343,12
DA:344,0
DA:345,0
DA:347,0
DA:350,12
DA:368,1
DA:374,0
DA:375,0
DA:379,0
DA:384,0
DA:385,0
DA:386,0
DA:388,0
DA:389,0
DA:391,0
DA:395,0
DA:396,0
DA:397,0
DA:402,0
DA:403,0
DA:404,0
DA:405,0
DA:408,0
DA:409,0
DA:412,0
DA:413,0
DA:415,0
DA:418,0
DA:419,0
DA:421,0
DA:425,0
DA:426,0
DA:429,0
DA:430,0
DA:431,0
DA:433,0
DA:434,0
DA:440,0
DA:441,0
DA:443,0
DA:444,0
DA:450,0
DA:451,0
DA:452,0
DA:454,0
DA:457,0
DA:462,0
DA:466,0
DA:469,0
DA:471,0
LF:154
LH:47
BRDA:40,0,0,12
BRDA:40,0,1,12
BRDA:64,1,0,0
BRDA:69,2,0,12
BRDA:69,2,1,12
BRDA:69,2,2,12
BRDA:78,3,0,0
BRDA:85,4,0,12
BRDA:85,4,1,12
BRDA:93,5,0,0
BRDA:100,6,0,0
BRDA:100,6,1,0
BRDA:117,7,0,0
BRDA:117,7,1,0
BRDA:124,8,0,0
BRDA:128,9,0,0
BRDA:148,10,0,0
BRDA:148,10,1,0
BRDA:154,11,0,0
BRDA:154,12,0,0
BRDA:154,12,1,0
BRDA:155,13,0,0
BRDA:155,14,0,0
BRDA:155,14,1,0
BRDA:165,15,0,0
BRDA:167,16,0,0
BRDA:167,16,1,0
BRDA:167,17,0,0
BRDA:167,17,1,0
BRDA:167,18,0,0
BRDA:167,18,1,0
BRDA:167,19,0,0
BRDA:167,19,1,0
BRDA:169,20,0,0
BRDA:186,21,0,0
BRDA:186,21,1,0
BRDA:190,22,0,0
BRDA:190,22,1,0
BRDA:190,23,0,0
BRDA:190,23,1,0
BRDA:202,24,0,0
BRDA:202,24,1,0
BRDA:210,25,0,0
BRDA:215,26,0,0
BRDA:220,27,0,0
BRDA:225,28,0,0
BRDA:230,29,0,0
BRDA:230,29,1,0
BRDA:230,30,0,0
BRDA:230,30,1,0
BRDA:249,31,0,0
BRDA:249,31,1,0
BRDA:250,32,0,0
BRDA:250,33,0,0
BRDA:250,33,1,0
BRDA:291,34,0,12
BRDA:295,35,0,0
BRDA:296,36,0,1
BRDA:300,37,0,3
BRDA:300,37,1,8
BRDA:304,38,0,0
BRDA:308,39,0,0
BRDA:310,40,0,0
BRDA:318,41,0,10
BRDA:318,41,1,1
BRDA:318,42,0,11
BRDA:318,42,1,11
BRDA:320,43,0,0
BRDA:320,43,1,10
BRDA:322,44,0,0
BRDA:322,44,1,10
BRDA:325,45,0,10
BRDA:325,45,1,0
BRDA:330,46,0,0
BRDA:335,47,0,10
BRDA:335,47,1,0
BRDA:336,48,0,10
BRDA:336,48,1,0
BRDA:343,49,0,0
BRDA:343,49,1,12
BRDA:344,50,0,0
BRDA:344,50,1,0
BRDA:370,51,0,0
BRDA:371,52,0,0
BRDA:374,53,0,0
BRDA:379,54,0,0
BRDA:379,54,1,0
BRDA:386,55,0,0
BRDA:388,56,0,0
BRDA:388,56,1,0
BRDA:395,57,0,0
BRDA:395,58,0,0
BRDA:395,58,1,0
BRDA:395,59,0,0
BRDA:395,59,1,0
BRDA:397,60,0,0
BRDA:397,60,1,0
BRDA:408,61,0,0
BRDA:412,62,0,0
BRDA:418,63,0,0
BRDA:425,64,0,0
BRDA:430,65,0,0
BRDA:431,66,0,0
BRDA:431,66,1,0
BRDA:431,67,0,0
BRDA:431,67,1,0
BRDA:434,68,0,0
BRDA:434,68,1,0
BRDA:434,69,0,0
BRDA:434,69,1,0
BRDA:440,70,0,0
BRDA:441,71,0,0
BRDA:441,71,1,0
BRDA:441,72,0,0
BRDA:441,72,1,0
BRDA:444,73,0,0
BRDA:444,73,1,0
BRDA:450,74,0,0
BRDA:451,75,0,0
BRDA:451,75,1,0
BRDA:452,76,0,0
BRDA:452,76,1,0
BRDA:452,77,0,0
BRDA:452,77,1,0
BRF:124
BRH:21
end_of_record
TN:
SF:src\components\markdown.tsx
FN:3,(anonymous_0)
FN:18,(anonymous_1)
FN:29,(anonymous_2)
FNF:3
FNH:1
FNDA:1,(anonymous_0)
FNDA:0,(anonymous_1)
FNDA:0,(anonymous_2)
DA:1,1
DA:3,1
DA:18,1
DA:22,0
DA:23,0
DA:24,0
DA:25,0
DA:27,0
DA:29,0
DA:30,0
DA:31,0
DA:33,0
DA:34,0
DA:35,0
DA:40,0
DA:45,1
LF:16
LH:4
BRDA:20,0,0,0
BRDA:30,1,0,0
BRDA:31,2,0,0
BRDA:33,3,0,0
BRDA:33,3,1,0
BRDA:33,4,0,0
BRDA:33,4,1,0
BRDA:33,5,0,0
BRDA:33,5,1,0
BRDA:33,6,0,0
BRDA:33,6,1,0
BRDA:33,7,0,0
BRDA:33,7,1,0
BRDA:33,8,0,0
BRDA:33,8,1,0
BRDA:3,9,0,1
BRDA:3,9,1,1
BRF:17
BRH:2
end_of_record
TN:
SF:src\components\sections.tsx
FN:7,(anonymous_0)
FN:31,(anonymous_1)
FN:49,(anonymous_2)
FN:69,(anonymous_3)
FN:69,(anonymous_4)
FN:135,(anonymous_5)
FN:154,(anonymous_6)
FN:154,(anonymous_7)
FN:178,(anonymous_8)
FN:182,(anonymous_9)
FN:188,(anonymous_10)
FNF:11
FNH:2
FNDA:1,(anonymous_0)
FNDA:1,(anonymous_1)
FNDA:0,(anonymous_2)
FNDA:0,(anonymous_3)
FNDA:0,(anonymous_4)
FNDA:0,(anonymous_5)
FNDA:0,(anonymous_6)
FNDA:0,(anonymous_7)
FNDA:0,(anonymous_8)
FNDA:0,(anonymous_9)
FNDA:0,(anonymous_10)
DA:1,1
DA:2,1
DA:5,1
DA:7,1
DA:31,1
DA:32,1
DA:33,1
DA:34,1
DA:40,1
DA:49,1
DA:55,0
DA:56,0
DA:57,0
DA:60,0
DA:61,0
DA:63,0
DA:64,0
DA:68,0
DA:69,0
DA:70,0
DA:71,0
DA:75,0
DA:77,0
DA:79,0
DA:80,0
DA:83,0
DA:84,0
DA:89,0
DA:90,0
DA:99,0
DA:109,0
DA:135,1
DA:141,0
DA:142,0
DA:145,0
DA:146,0
DA:148,0
DA:149,0
DA:153,0
DA:154,0
DA:156,0
DA:157,0
DA:158,0
DA:161,0
DA:165,0
DA:171,0
DA:173,0
DA:176,0
DA:177,0
DA:178,0
DA:180,0
DA:181,0
DA:182,0
DA:187,0
DA:189,0
DA:194,0
DA:200,1
LF:57
LH:12
BRDA:31,0,0,1
BRDA:31,0,1,1
BRDA:51,1,0,0
BRDA:52,2,0,0
BRDA:53,3,0,0
BRDA:60,4,0,0
BRDA:63,5,0,0
BRDA:75,6,0,0
BRDA:77,7,0,0
BRDA:77,8,0,0
BRDA:77,8,1,0
BRDA:77,8,2,0
BRDA:79,9,0,0
BRDA:79,9,1,0
BRDA:83,10,0,0
BRDA:83,10,1,0
BRDA:89,11,0,0
BRDA:89,11,1,0
BRDA:93,12,0,0
BRDA:93,12,1,0
BRDA:137,13,0,0
BRDA:138,14,0,0
BRDA:139,15,0,0
BRDA:145,16,0,0
BRDA:148,17,0,0
BRDA:171,18,0,0
BRDA:176,19,0,0
BRDA:180,20,0,0
BRDA:181,21,0,0
BRDA:181,21,1,0
BRDA:188,22,0,0
BRDA:188,22,1,0
BRDA:7,23,0,1
BRDA:7,23,1,1
BRF:34
BRH:4
end_of_record
TN:
SF:src\editing\bind.ts
FN:30,(anonymous_0)
FN:165,(anonymous_1)
FN:168,(anonymous_2)
FN:203,(anonymous_3)
FN:222,(anonymous_4)
FN:225,(anonymous_5)
FNF:6
FNH:2
FNDA:0,(anonymous_0)
FNDA:3,(anonymous_1)
FNDA:0,(anonymous_2)
FNDA:0,(anonymous_3)
FNDA:3,(anonymous_4)
FNDA:0,(anonymous_5)
DA:2,1
DA:12,1
DA:20,1
DA:30,1
DA:37,0
DA:38,0
DA:42,0
DA:43,0
DA:45,0
DA:47,0
DA:48,0
DA:49,0
DA:56,0
DA:57,0
DA:61,0
DA:64,0
DA:68,0
DA:71,0
DA:72,0
DA:74,0
DA:77,0
DA:81,0
DA:82,0
DA:83,0
DA:85,0
DA:86,0
DA:88,0
DA:89,0
DA:90,0
DA:97,0
DA:101,0
DA:103,0
DA:107,0
DA:110,0
DA:115,0
DA:120,0
DA:130,0
DA:138,0
DA:145,0
DA:146,0
DA:149,0
DA:150,0
DA:152,0
DA:156,1
DA:157,10
DA:158,1
DA:161,9
DA:162,6
DA:164,3
DA:165,3
DA:168,9
DA:174,0
DA:178,9
DA:183,9
DA:189,1
DA:192,1
DA:203,1
DA:209,0
DA:212,1
DA:213,10
DA:214,1
DA:218,9
DA:219,6
DA:221,3
DA:222,3
DA:225,9
DA:230,0
DA:234,9
DA:239,9
DA:245,1
DA:248,1
LF:71
LH:29
BRDA:33,0,0,0
BRDA:34,1,0,0
BRDA:35,2,0,0
BRDA:42,3,0,0
BRDA:42,3,1,0
BRDA:42,4,0,0
BRDA:42,4,1,0
BRDA:43,5,0,0
BRDA:71,6,0,0
BRDA:72,7,0,0
BRDA:72,7,1,0
BRDA:72,8,0,0
BRDA:72,8,1,0
BRDA:72,9,0,0
BRDA:72,9,1,0
BRDA:81,10,0,0
BRDA:81,10,1,0
BRDA:82,11,0,0
BRDA:82,11,1,0
BRDA:82,12,0,0
BRDA:82,12,1,0
BRDA:82,13,0,0
BRDA:82,13,1,0
BRDA:82,14,0,0
BRDA:82,14,1,0
BRDA:85,15,0,0
BRDA:85,15,1,0
BRDA:111,16,0,0
BRDA:111,16,1,0
BRDA:111,16,2,0
BRDA:115,17,0,0
BRDA:115,17,1,0
BRDA:126,18,0,0
BRDA:126,18,1,0
BRDA:126,19,0,0
BRDA:126,19,1,0
BRDA:130,20,0,0
BRDA:130,20,1,0
BRDA:130,21,0,0
BRDA:130,21,1,0
BRDA:130,21,2,0
BRDA:130,21,3,0
BRDA:130,21,4,0
BRDA:141,22,0,0
BRDA:141,22,1,0
BRDA:145,23,0,0
BRDA:145,24,0,0
BRDA:145,24,1,0
BRDA:146,25,0,0
BRDA:146,25,1,0
BRDA:146,26,0,0
BRDA:146,26,1,0
BRDA:149,27,0,0
BRDA:149,27,1,0
BRDA:152,28,0,0
BRDA:152,28,1,0
BRDA:152,29,0,0
BRDA:152,29,1,0
BRDA:157,30,0,1
BRDA:161,31,0,6
BRDA:161,31,1,3
BRDA:171,32,0,0
BRDA:172,33,0,0
BRDA:205,34,0,0
BRDA:206,35,0,0
BRDA:207,36,0,0
BRDA:213,37,0,1
BRDA:218,38,0,6
BRDA:218,38,1,3
BRDA:227,39,0,0
BRDA:228,40,0,0
BRF:71
BRH:6
end_of_record
TN:
SF:src\fetching\current.ts
FN:29,(anonymous_0)
FN:33,(anonymous_1)
FN:37,(anonymous_2)
FN:41,(anonymous_3)
FN:51,(anonymous_4)
FN:55,(anonymous_5)
FN:65,(anonymous_6)
FN:69,(anonymous_7)
FN:73,(anonymous_8)
FN:77,(anonymous_9)
FN:81,(anonymous_10)
FN:85,(anonymous_11)
FN:89,(anonymous_12)
FN:93,(anonymous_13)
FN:97,(anonymous_14)
FN:101,(anonymous_15)
FN:105,(anonymous_16)
FN:109,(anonymous_17)
FN:113,(anonymous_18)
FN:117,(anonymous_19)
FN:121,(anonymous_20)
FN:125,(anonymous_21)
FN:132,(anonymous_22)
FN:134,(anonymous_23)
FN:136,(anonymous_24)
FN:136,(anonymous_25)
FN:138,(anonymous_26)
FN:138,(anonymous_27)
FN:140,(anonymous_28)
FN:140,(anonymous_29)
FN:142,(anonymous_30)
FN:142,(anonymous_31)
FN:144,(anonymous_32)
FN:144,(anonymous_33)
FN:146,(anonymous_34)
FN:146,(anonymous_35)
FN:152,(anonymous_36)
FN:156,(anonymous_37)
FN:160,(anonymous_38)
FN:164,(anonymous_39)
FNF:40
FNH:4
FNDA:9,(anonymous_0)
FNDA:0,(anonymous_1)
FNDA:0,(anonymous_2)
FNDA:9,(anonymous_3)
FNDA:0,(anonymous_4)
FNDA:1,(anonymous_5)
FNDA:1,(anonymous_6)
FNDA:0,(anonymous_7)
FNDA:0,(anonymous_8)
FNDA:0,(anonymous_9)
FNDA:0,(anonymous_10)
FNDA:0,(anonymous_11)
FNDA:0,(anonymous_12)
FNDA:0,(anonymous_13)
FNDA:0,(anonymous_14)
FNDA:0,(anonymous_15)
FNDA:0,(anonymous_16)
FNDA:0,(anonymous_17)
FNDA:0,(anonymous_18)
FNDA:0,(anonymous_19)
FNDA:0,(anonymous_20)
FNDA:0,(anonymous_21)
FNDA:0,(anonymous_22)
FNDA:0,(anonymous_23)
FNDA:0,(anonymous_24)
FNDA:0,(anonymous_25)
FNDA:0,(anonymous_26)
FNDA:0,(anonymous_27)
FNDA:0,(anonymous_28)
FNDA:0,(anonymous_29)
FNDA:0,(anonymous_30)
FNDA:0,(anonymous_31)
FNDA:0,(anonymous_32)
FNDA:0,(anonymous_33)
FNDA:0,(anonymous_34)
FNDA:0,(anonymous_35)
FNDA:0,(anonymous_36)
FNDA:0,(anonymous_37)
FNDA:0,(anonymous_38)
FNDA:0,(anonymous_39)
DA:15,1
DA:16,1
DA:18,1
DA:26,1
DA:30,9
DA:34,0
DA:38,0
DA:42,9
DA:44,9
DA:45,0
DA:48,9
DA:52,0
DA:56,1
DA:57,1
DA:58,1
DA:59,1
DA:62,1
DA:66,1
DA:70,0
DA:74,0
DA:78,0
DA:82,0
DA:86,0
DA:90,0
DA:94,0
DA:98,0
DA:102,0
DA:106,0
DA:110,0
DA:114,0
DA:118,0
DA:122,0
DA:126,0
DA:127,0
DA:130,0
DA:133,0
DA:135,0
DA:136,0
DA:137,0
DA:138,0
DA:139,0
DA:140,0
DA:141,0
DA:142,0
DA:143,0
DA:144,0
DA:145,0
DA:146,0
DA:147,0
DA:153,0
DA:157,0
DA:161,0
DA:165,0
DA:168,9
DA:171,9
DA:174,9
DA:177,9
LF:57
LH:18
BRDA:44,0,0,0
BRDA:58,1,0,1
BRDA:156,2,0,0
BRDA:160,3,0,0
BRDA:164,4,0,0
BRF:5
BRH:1
end_of_record
TN:
SF:src\fetching\result.ts
FN:15,SingleScryResult
FN:29,(anonymous_1)
FN:37,(anonymous_2)
FN:48,(anonymous_3)
FN:56,(anonymous_4)
FN:64,(anonymous_5)
FN:71,(anonymous_6)
FN:76,(anonymous_7)
FN:84,(anonymous_8)
FN:94,ScryResultsMap
FN:105,(anonymous_10)
FN:113,(anonymous_11)
FN:121,(anonymous_12)
FN:129,(anonymous_13)
FN:133,(anonymous_14)
FN:135,(anonymous_15)
FN:142,(anonymous_16)
FN:151,(anonymous_17)
FN:155,(anonymous_18)
FN:157,(anonymous_19)
FN:172,flattenResults
FN:174,(anonymous_21)
FNF:22
FNH:0
FNDA:0,SingleScryResult
FNDA:0,(anonymous_1)
FNDA:0,(anonymous_2)
FNDA:0,(anonymous_3)
FNDA:0,(anonymous_4)
FNDA:0,(anonymous_5)
FNDA:0,(anonymous_6)
FNDA:0,(anonymous_7)
FNDA:0,(anonymous_8)
FNDA:0,ScryResultsMap
FNDA:0,(anonymous_10)
FNDA:0,(anonymous_11)
FNDA:0,(anonymous_12)
FNDA:0,(anonymous_13)
FNDA:0,(anonymous_14)
FNDA:0,(anonymous_15)
FNDA:0,(anonymous_16)
FNDA:0,(anonymous_17)
FNDA:0,(anonymous_18)
FNDA:0,(anonymous_19)
FNDA:0,flattenResults
FNDA:0,(anonymous_21)
DA:15,1
DA:16,0
DA:17,0
DA:20,0
DA:22,0
DA:25,0
DA:26,0
DA:27,0
DA:28,0
DA:30,0
DA:34,0
DA:35,0
DA:36,0
DA:38,0
DA:44,0
DA:45,0
DA:46,0
DA:47,0
DA:49,0
DA:54,0
DA:55,0
DA:57,0
DA:62,0
DA:63,0
DA:65,0
DA:70,0
DA:71,0
DA:74,0
DA:75,0
DA:77,0
DA:82,0
DA:83,0
DA:85,0
DA:90,0
DA:94,1
DA:98,0
DA:100,0
DA:103,0
DA:104,0
DA:106,0
DA:111,0
DA:112,0
DA:114,0
DA:119,0
DA:120,0
DA:122,0
DA:127,0
DA:128,0
DA:130,0
DA:131,0
DA:133,0
DA:136,0
DA:140,0
DA:142,0
DA:144,0
DA:149,0
DA:150,0
DA:152,0
DA:153,0
DA:155,0
DA:157,0
DA:161,0
DA:164,0
DA:169,0
DA:173,0
DA:174,0
DA:175,0
DA:176,0
DA:177,0
DA:181,0
DA:185,0
LF:71
LH:2
BRDA:16,0,0,0
BRDA:20,1,0,0
BRDA:25,2,0,0
BRDA:25,2,1,0
BRDA:26,3,0,0
BRDA:26,3,1,0
BRDA:27,4,0,0
BRDA:34,5,0,0
BRDA:35,6,0,0
BRDA:45,7,0,0
BRDA:45,7,1,0
BRDA:46,8,0,0
BRDA:54,9,0,0
BRDA:62,10,0,0
BRDA:74,11,0,0
BRDA:82,12,0,0
BRDA:98,13,0,0
BRDA:103,14,0,0
BRDA:111,15,0,0
BRDA:119,16,0,0
BRDA:127,17,0,0
BRDA:130,18,0,0
BRDA:136,19,0,0
BRDA:136,19,1,0
BRDA:149,20,0,0
BRDA:152,21,0,0
BRDA:176,22,0,0
BRDA:176,22,1,0
BRDA:176,23,0,0
BRDA:176,23,1,0
BRDA:176,24,0,0
BRDA:176,24,1,0
BRF:32
BRH:0
end_of_record
TN:
SF:src\fetching\scrier.ts
FN:65,(anonymous_0)
FN:168,(anonymous_1)
FN:170,(anonymous_2)
FN:173,(anonymous_3)
FN:180,(anonymous_4)
FN:183,(anonymous_5)
FN:186,(anonymous_6)
FN:193,(anonymous_7)
FN:193,(anonymous_8)
FN:199,(anonymous_9)
FN:206,(anonymous_10)
FN:206,(anonymous_11)
FN:214,(anonymous_12)
FN:273,(anonymous_13)
FN:280,(anonymous_14)
FN:290,(anonymous_15)
FN:296,(anonymous_16)
FN:303,(anonymous_17)
FN:311,(anonymous_18)
FN:316,(anonymous_19)
FN:322,(anonymous_20)
FN:329,(anonymous_21)
FN:367,(anonymous_22)
FN:400,(anonymous_23)
FN:560,(anonymous_24)
FN:73,(anonymous_25)
FN:98,(anonymous_26)
FN:105,(anonymous_27)
FN:109,(anonymous_28)
FN:113,(anonymous_29)
FN:117,(anonymous_30)
FN:121,(anonymous_31)
FN:125,(anonymous_32)
FN:129,(anonymous_33)
FN:137,(anonymous_34)
FN:141,(anonymous_35)
FN:145,(anonymous_36)
FN:149,(anonymous_37)
FN:157,(anonymous_38)
FN:217,(anonymous_39)
FN:339,(anonymous_40)
FN:373,(anonymous_41)
FN:406,(anonymous_42)
FN:413,(anonymous_43)
FN:415,(anonymous_44)
FN:420,(anonymous_45)
FN:427,(anonymous_46)
FN:434,(anonymous_47)
FN:445,(anonymous_48)
FN:450,(anonymous_49)
FN:451,(anonymous_50)
FN:472,(anonymous_51)
FN:504,(anonymous_52)
FN:518,(anonymous_53)
FN:571,(anonymous_54)
FN:591,(anonymous_56)
FN:591,(anonymous_57)
FN:604,(anonymous_58)
FN:623,(anonymous_60)
FN:669,(anonymous_62)
FN:673,(anonymous_63)
FN:689,(anonymous_64)
FN:750,(anonymous_65)
FN:778,(anonymous_66)
FN:785,(anonymous_67)
FN:803,(anonymous_68)
FN:806,(anonymous_69)
FNF:67
FNH:6
FNDA:2,(anonymous_0)
FNDA:0,(anonymous_1)
FNDA:0,(anonymous_2)
FNDA:0,(anonymous_3)
FNDA:0,(anonymous_4)
FNDA:0,(anonymous_5)
FNDA:0,(anonymous_6)
FNDA:0,(anonymous_7)
FNDA:0,(anonymous_8)
FNDA:0,(anonymous_9)
FNDA:0,(anonymous_10)
FNDA:0,(anonymous_11)
FNDA:0,(anonymous_12)
FNDA:0,(anonymous_13)
FNDA:0,(anonymous_14)
FNDA:0,(anonymous_15)
FNDA:0,(anonymous_16)
FNDA:0,(anonymous_17)
FNDA:0,(anonymous_18)
FNDA:0,(anonymous_19)
FNDA:0,(anonymous_20)
FNDA:0,(anonymous_21)
FNDA:0,(anonymous_22)
FNDA:0,(anonymous_23)
FNDA:0,(anonymous_24)
FNDA:2,(anonymous_25)
FNDA:1,(anonymous_26)
FNDA:1,(anonymous_27)
FNDA:0,(anonymous_28)
FNDA:0,(anonymous_29)
FNDA:0,(anonymous_30)
FNDA:0,(anonymous_31)
FNDA:0,(anonymous_32)
FNDA:0,(anonymous_33)
FNDA:8,(anonymous_34)
FNDA:9,(anonymous_35)
FNDA:0,(anonymous_36)
FNDA:0,(anonymous_37)
FNDA:0,(anonymous_38)
FNDA:0,(anonymous_39)
FNDA:0,(anonymous_40)
FNDA:0,(anonymous_41)
FNDA:0,(anonymous_42)
FNDA:0,(anonymous_43)
FNDA:0,(anonymous_44)
FNDA:0,(anonymous_45)
FNDA:0,(anonymous_46)
FNDA:0,(anonymous_47)
FNDA:0,(anonymous_48)
FNDA:0,(anonymous_49)
FNDA:0,(anonymous_50)
FNDA:0,(anonymous_51)
FNDA:0,(anonymous_52)
FNDA:0,(anonymous_53)
FNDA:0,(anonymous_54)
FNDA:0,(anonymous_56)
FNDA:0,(anonymous_57)
FNDA:0,(anonymous_58)
FNDA:0,(anonymous_60)
FNDA:0,(anonymous_62)
FNDA:0,(anonymous_63)
FNDA:0,(anonymous_64)
FNDA:0,(anonymous_65)
FNDA:0,(anonymous_66)
FNDA:0,(anonymous_67)
FNDA:0,(anonymous_68)
FNDA:0,(anonymous_69)
DA:1,1
DA:34,1
DA:39,1
DA:40,1
DA:41,1
DA:42,1
DA:57,1
DA:58,1
DA:65,1
DA:66,1
DA:74,2
DA:99,1
DA:106,1
DA:110,0
DA:114,0
DA:118,0
DA:122,0
DA:126,0
DA:130,0
DA:138,8
DA:142,9
DA:146,0
DA:150,0
DA:158,0
DA:159,0
DA:162,0
DA:164,0
DA:168,2
DA:169,0
DA:170,2
DA:171,0
DA:173,2
DA:177,0
DA:180,0
DA:183,2
DA:184,0
DA:186,2
DA:190,0
DA:193,0
DA:199,2
DA:203,0
DA:206,0
DA:207,0
DA:208,0
DA:210,0
DA:214,2
DA:215,0
DA:224,0
DA:228,0
DA:229,0
DA:236,0
DA:237,0
DA:238,0
DA:239,0
DA:242,0
DA:243,0
DA:245,0
DA:250,0
DA:261,0
DA:267,0
DA:268,0
DA:270,0
DA:273,2
DA:277,0
DA:281,0
DA:282,0
DA:283,0
DA:286,0
DA:290,2
DA:294,0
DA:296,2
DA:300,0
DA:304,0
DA:305,0
DA:306,0
DA:311,2
DA:315,0
DA:316,2
DA:320,0
DA:322,2
DA:326,0
DA:330,0
DA:331,0
DA:332,0
DA:335,0
DA:343,0
DA:344,0
DA:348,0
DA:349,0
DA:354,0
DA:355,0
DA:357,0
DA:361,0
DA:367,2
DA:371,0
DA:377,0
DA:379,0
DA:380,0
DA:381,0
DA:382,0
DA:384,0
DA:387,0
DA:388,0
DA:389,0
DA:395,0
DA:397,0
DA:400,2
DA:404,0
DA:407,0
DA:408,0
DA:409,0
DA:410,0
DA:412,0
DA:413,0
DA:415,0
DA:424,0
DA:431,0
DA:440,0
DA:441,0
DA:442,0
DA:443,0
DA:445,0
DA:449,0
DA:450,0
DA:451,0
DA:452,0
DA:462,0
DA:467,0
DA:469,0
DA:470,0
DA:472,0
DA:477,0
DA:479,0
DA:480,0
DA:487,0
DA:488,0
DA:492,0
DA:493,0
DA:501,0
DA:502,0
DA:503,0
DA:504,0
DA:506,0
DA:510,0
DA:516,0
DA:517,0
DA:518,0
DA:519,0
DA:523,0
DA:524,0
DA:529,0
DA:530,0
DA:531,0
DA:533,0
DA:534,0
DA:538,0
DA:539,0
DA:540,0
DA:541,0
DA:545,0
DA:546,0
DA:547,0
DA:548,0
DA:551,0
DA:552,0
DA:553,0
DA:554,0
DA:555,0
DA:558,0
DA:560,2
DA:565,0
DA:577,0
DA:578,0
DA:579,0
DA:580,0
DA:582,0
DA:583,0
DA:584,0
DA:586,0
DA:587,0
DA:589,0
DA:591,0
DA:599,0
DA:609,0
DA:610,0
DA:611,0
DA:612,0
DA:614,0
DA:615,0
DA:616,0
DA:618,0
DA:619,0
DA:628,0
DA:629,0
DA:630,0
DA:632,0
DA:635,0
DA:636,0
DA:638,0
DA:639,0
DA:640,0
DA:641,0
DA:642,0
DA:643,0
DA:644,0
DA:646,0
DA:650,0
DA:653,2
DA:656,2
DA:659,2
DA:662,2
DA:670,0
DA:674,0
DA:697,0
DA:698,0
DA:699,0
DA:701,0
DA:702,0
DA:708,0
DA:709,0
DA:710,0
DA:714,0
DA:716,0
DA:717,0
DA:718,0
DA:719,0
DA:720,0
DA:721,0
DA:722,0
DA:723,0
DA:727,0
DA:733,0
DA:734,0
DA:735,0
DA:739,0
DA:744,0
DA:760,0
DA:762,0
DA:763,0
DA:768,0
DA:769,0
DA:772,0
DA:783,0
DA:784,0
DA:785,0
DA:787,0
DA:788,0
DA:789,0
DA:790,0
DA:792,0
DA:796,0
DA:799,0
DA:804,0
DA:807,0
DA:808,0
LF:255
LH:35
BRDA:168,0,0,0
BRDA:170,1,0,0
BRDA:174,2,0,0
BRDA:175,3,0,0
BRDA:183,4,0,0
BRDA:187,5,0,0
BRDA:188,6,0,0
BRDA:194,7,0,0
BRDA:194,7,1,0
BRDA:194,8,0,0
BRDA:194,8,1,0
BRDA:194,9,0,0
BRDA:194,9,1,0
BRDA:200,10,0,0
BRDA:201,11,0,0
BRDA:208,12,0,0
BRDA:208,12,1,0
BRDA:214,13,0,0
BRDA:274,14,0,0
BRDA:275,15,0,0
BRDA:281,16,0,0
BRDA:281,16,1,0
BRDA:282,17,0,0
BRDA:291,18,0,0
BRDA:292,19,0,0
BRDA:297,20,0,0
BRDA:298,21,0,0
BRDA:305,22,0,0
BRDA:305,23,0,0
BRDA:305,23,1,0
BRDA:305,24,0,0
BRDA:305,24,1,0
BRDA:306,25,0,0
BRDA:306,25,1,0
BRDA:306,26,0,0
BRDA:306,26,1,0
BRDA:312,27,0,0
BRDA:313,28,0,0
BRDA:317,29,0,0
BRDA:318,30,0,0
BRDA:323,31,0,0
BRDA:324,32,0,0
BRDA:331,33,0,0
BRDA:335,34,0,0
BRDA:335,34,1,0
BRDA:335,35,0,0
BRDA:335,35,1,0
BRDA:369,36,0,0
BRDA:402,37,0,0
BRDA:561,38,0,0
BRDA:562,39,0,0
BRDA:563,40,0,0
BRDA:98,41,0,1
BRDA:157,42,0,0
BRDA:158,43,0,0
BRDA:162,44,0,0
BRDA:162,44,1,0
BRDA:164,45,0,0
BRDA:164,45,1,0
BRDA:164,46,0,0
BRDA:164,46,1,0
BRDA:164,47,0,0
BRDA:164,47,1,0
BRDA:164,48,0,0
BRDA:164,48,1,0
BRDA:219,49,0,0
BRDA:224,50,0,0
BRDA:224,50,1,0
BRDA:224,51,0,0
BRDA:224,51,1,0
BRDA:228,52,0,0
BRDA:236,53,0,0
BRDA:236,53,1,0
BRDA:237,54,0,0
BRDA:242,55,0,0
BRDA:242,55,1,0
BRDA:245,56,0,0
BRDA:245,56,1,0
BRDA:341,57,0,0
BRDA:343,58,0,0
BRDA:343,58,1,0
BRDA:346,59,0,0
BRDA:346,59,1,0
BRDA:346,60,0,0
BRDA:346,60,1,0
BRDA:346,61,0,0
BRDA:346,61,1,0
BRDA:348,62,0,0
BRDA:348,62,1,0
BRDA:354,63,0,0
BRDA:354,63,1,0
BRDA:375,64,0,0
BRDA:379,65,0,0
BRDA:379,65,1,0
BRDA:381,66,0,0
BRDA:382,67,0,0
BRDA:382,67,1,0
BRDA:388,68,0,0
BRDA:388,68,1,0
BRDA:395,69,0,0
BRDA:395,69,1,0
BRDA:407,70,0,0
BRDA:407,70,1,0
BRDA:408,71,0,0
BRDA:408,71,1,0
BRDA:412,72,0,0
BRDA:412,72,1,0
BRDA:422,73,0,0
BRDA:429,74,0,0
BRDA:435,75,0,0
BRDA:436,76,0,0
BRDA:437,77,0,0
BRDA:440,78,0,0
BRDA:442,79,0,0
BRDA:442,79,1,0
BRDA:449,80,0,0
BRDA:450,81,0,0
BRDA:451,82,0,0
BRDA:462,83,0,0
BRDA:462,83,1,0
BRDA:463,84,0,0
BRDA:463,84,1,0
BRDA:463,85,0,0
BRDA:463,85,1,0
BRDA:469,86,0,0
BRDA:479,87,0,0
BRDA:479,87,1,0
BRDA:480,88,0,0
BRDA:480,88,1,0
BRDA:487,89,0,0
BRDA:492,90,0,0
BRDA:492,90,1,0
BRDA:492,91,0,0
BRDA:492,91,1,0
BRDA:493,92,0,0
BRDA:493,92,1,0
BRDA:502,93,0,0
BRDA:506,94,0,0
BRDA:506,95,0,0
BRDA:506,95,1,0
BRDA:506,95,2,0
BRDA:516,96,0,0
BRDA:517,97,0,0
BRDA:517,97,1,0
BRDA:523,98,0,0
BRDA:529,99,0,0
BRDA:529,99,1,0
BRDA:529,100,0,0
BRDA:529,100,1,0
BRDA:538,101,0,0
BRDA:538,102,0,0
BRDA:538,102,1,0
BRDA:545,103,0,0
BRDA:545,104,0,0
BRDA:545,104,1,0
BRDA:546,105,0,0
BRDA:546,106,0,0
BRDA:546,106,1,0
BRDA:575,107,0,0
BRDA:578,108,0,0
BRDA:578,108,1,0
BRDA:578,109,0,0
BRDA:578,109,1,0
BRDA:582,110,0,0
BRDA:582,110,1,0
BRDA:582,111,0,0
BRDA:582,111,1,0
BRDA:582,112,0,0
BRDA:582,112,1,0
BRDA:582,113,0,0
BRDA:582,113,1,0
BRDA:584,114,0,0
BRDA:584,114,1,0
BRDA:586,115,0,0
BRDA:586,115,1,0
BRDA:599,116,0,0
BRDA:599,116,1,0
BRDA:607,117,0,0
BRDA:610,118,0,0
BRDA:610,118,1,0
BRDA:610,119,0,0
BRDA:610,119,1,0
BRDA:615,120,0,0
BRDA:615,120,1,0
BRDA:615,121,0,0
BRDA:615,121,1,0
BRDA:615,122,0,0
BRDA:615,122,1,0
BRDA:615,123,0,0
BRDA:615,123,1,0
BRDA:616,124,0,0
BRDA:616,124,1,0
BRDA:624,125,0,0
BRDA:625,126,0,0
BRDA:626,127,0,0
BRDA:628,128,0,0
BRDA:628,129,0,0
BRDA:628,129,1,0
BRDA:635,130,0,0
BRDA:635,130,1,0
BRDA:635,131,0,0
BRDA:635,131,1,0
BRDA:635,132,0,0
BRDA:635,132,1,0
BRDA:635,133,0,0
BRDA:635,133,1,0
BRDA:638,134,0,0
BRDA:638,134,1,0
BRDA:640,135,0,0
BRDA:641,136,0,0
BRDA:641,136,1,0
BRDA:643,137,0,0
BRDA:643,137,1,0
BRDA:669,138,0,0
BRDA:674,139,0,0
BRDA:674,139,1,0
BRDA:675,140,0,0
BRDA:675,140,1,0
BRDA:677,141,0,0
BRDA:677,141,1,0
BRDA:680,142,0,0
BRDA:680,142,1,0
BRDA:681,143,0,0
BRDA:681,143,1,0
BRDA:683,144,0,0
BRDA:683,144,1,0
BRDA:686,145,0,0
BRDA:686,145,1,0
BRDA:716,146,0,0
BRDA:716,147,0,0
BRDA:716,147,1,0
BRDA:716,148,0,0
BRDA:716,148,1,0
BRDA:717,149,0,0
BRDA:717,149,1,0
BRDA:719,150,0,0
BRDA:762,151,0,0
BRDA:762,151,1,0
BRDA:768,152,0,0
BRDA:772,153,0,0
BRDA:772,153,1,0
BRDA:781,154,0,0
BRDA:783,155,0,0
BRDA:783,155,1,0
BRDA:783,156,0,0
BRDA:783,156,1,0
BRDA:784,157,0,0
BRDA:784,157,1,0
BRDA:789,158,0,0
BRDA:789,158,1,0
BRDA:789,159,0,0
BRDA:789,159,1,0
BRF:252
BRH:1
end_of_record
TN:
SF:src\sections\heading.ts
FN:40,(anonymous_0)
FN:23,(anonymous_1)
FN:24,(anonymous_2)
FN:25,(anonymous_3)
FN:26,(anonymous_4)
FN:27,(anonymous_5)
FN:28,(anonymous_6)
FN:29,(anonymous_7)
FN:30,(anonymous_8)
FN:31,(anonymous_9)
FN:32,(anonymous_10)
FNF:11
FNH:0
FNDA:0,(anonymous_0)
FNDA:0,(anonymous_1)
FNDA:0,(anonymous_2)
FNDA:0,(anonymous_3)
FNDA:0,(anonymous_4)
FNDA:0,(anonymous_5)
FNDA:0,(anonymous_6)
FNDA:0,(anonymous_7)
FNDA:0,(anonymous_8)
FNDA:0,(anonymous_9)
FNDA:0,(anonymous_10)
DA:2,1
DA:9,1
DA:23,0
DA:24,0
DA:25,0
DA:26,0
DA:27,0
DA:28,0
DA:29,0
DA:30,0
DA:31,0
DA:33,0
DA:41,0
DA:42,0
DA:43,0
LF:15
LH:2
BRF:0
BRH:0
end_of_record
TN:
SF:src\sections\section.ts
FN:236,(anonymous_0)
FN:54,(anonymous_1)
FN:56,(anonymous_2)
FN:58,(anonymous_3)
FN:60,(anonymous_4)
FN:62,(anonymous_5)
FN:64,(anonymous_6)
FN:66,(anonymous_7)
FN:68,(anonymous_8)
FN:70,(anonymous_9)
FN:72,(anonymous_10)
FN:74,(anonymous_11)
FN:76,(anonymous_12)
FN:85,(anonymous_13)
FN:90,(anonymous_14)
FN:95,(anonymous_15)
FN:100,(anonymous_16)
FN:101,(anonymous_17)
FN:101,(anonymous_18)
FN:111,(anonymous_19)
FN:116,(anonymous_20)
FN:117,(anonymous_21)
FN:117,(anonymous_22)
FN:128,(anonymous_23)
FN:133,(anonymous_24)
FN:138,(anonymous_25)
FN:143,(anonymous_26)
FN:144,(anonymous_27)
FN:144,(anonymous_28)
FN:155,(anonymous_29)
FN:162,(anonymous_30)
FN:167,(anonymous_31)
FN:172,(anonymous_32)
FN:177,(anonymous_33)
FN:186,(anonymous_34)
FN:191,(anonymous_35)
FN:248,(anonymous_37)
FNF:37
FNH:0
FNDA:0,(anonymous_0)
FNDA:0,(anonymous_1)
FNDA:0,(anonymous_2)
FNDA:0,(anonymous_3)
FNDA:0,(anonymous_4)
FNDA:0,(anonymous_5)
FNDA:0,(anonymous_6)
FNDA:0,(anonymous_7)
FNDA:0,(anonymous_8)
FNDA:0,(anonymous_9)
FNDA:0,(anonymous_10)
FNDA:0,(anonymous_11)
FNDA:0,(anonymous_12)
FNDA:0,(anonymous_13)
FNDA:0,(anonymous_14)
FNDA:0,(anonymous_15)
FNDA:0,(anonymous_16)
FNDA:0,(anonymous_17)
FNDA:0,(anonymous_18)
FNDA:0,(anonymous_19)
FNDA:0,(anonymous_20)
FNDA:0,(anonymous_21)
FNDA:0,(anonymous_22)
FNDA:0,(anonymous_23)
FNDA:0,(anonymous_24)
FNDA:0,(anonymous_25)
FNDA:0,(anonymous_26)
FNDA:0,(anonymous_27)
FNDA:0,(anonymous_28)
FNDA:0,(anonymous_29)
FNDA:0,(anonymous_30)
FNDA:0,(anonymous_31)
FNDA:0,(anonymous_32)
FNDA:0,(anonymous_33)
FNDA:0,(anonymous_34)
FNDA:0,(anonymous_35)
FNDA:0,(anonymous_37)
DA:4,1
DA:7,1
DA:8,1
DA:10,1
DA:17,1
DA:26,0
DA:28,0
DA:30,0
DA:32,0
DA:34,0
DA:36,0
DA:38,0
DA:42,0
DA:44,0
DA:46,0
DA:54,0
DA:56,0
DA:58,0
DA:60,0
DA:62,0
DA:64,0
DA:66,0
DA:68,0
DA:70,0
DA:72,0
DA:74,0
DA:76,0
DA:86,0
DA:91,0
DA:96,0
DA:101,0
DA:102,0
DA:103,0
DA:106,0
DA:112,0
DA:117,0
DA:118,0
DA:119,0
DA:120,0
DA:123,0
DA:129,0
DA:134,0
DA:139,0
DA:144,0
DA:145,0
DA:146,0
DA:147,0
DA:150,0
DA:156,0
DA:163,0
DA:168,0
DA:173,0
DA:178,0
DA:187,0
DA:192,0
DA:193,0
DA:196,0
DA:197,0
DA:199,0
DA:200,0
DA:203,0
DA:204,0
DA:205,0
DA:209,0
DA:210,0
DA:211,0
DA:215,0
DA:216,0
DA:217,0
DA:222,0
DA:225,0
DA:226,0
DA:229,0
DA:237,0
DA:238,0
DA:244,0
DA:252,0
DA:255,0
DA:256,0
DA:257,0
DA:258,0
DA:262,0
DA:263,0
DA:264,0
DA:267,0
DA:268,0
DA:270,0
DA:272,0
DA:275,0
LF:89
LH:5
BRDA:102,0,0,0
BRDA:118,1,0,0
BRDA:145,2,0,0
BRDA:147,3,0,0
BRDA:147,3,1,0
BRDA:178,4,0,0
BRDA:178,4,1,0
BRDA:178,5,0,0
BRDA:178,5,1,0
BRDA:192,6,0,0
BRDA:192,6,1,0
BRDA:199,7,0,0
BRDA:204,8,0,0
BRDA:204,9,0,0
BRDA:204,9,1,0
BRDA:210,10,0,0
BRDA:210,11,0,0
BRDA:210,11,1,0
BRDA:210,11,2,0
BRDA:216,12,0,0
BRDA:225,13,0,0
BRDA:225,14,0,0
BRDA:225,14,1,0
BRDA:225,14,2,0
BRDA:263,15,0,0
BRDA:267,16,0,0
BRDA:267,16,1,0
BRF:27
BRH:0
end_of_record
TN:
SF:src\sections\sections.ts
FN:115,(anonymous_0)
FN:182,(anonymous_1)
FN:183,(anonymous_2)
FN:61,(anonymous_3)
FN:64,(anonymous_4)
FN:67,(anonymous_5)
FN:70,(anonymous_6)
FN:73,(anonymous_7)
FN:76,(anonymous_8)
FN:79,(anonymous_9)
FN:82,(anonymous_10)
FN:86,(anonymous_11)
FN:90,(anonymous_12)
FN:94,(anonymous_13)
FN:98,(anonymous_14)
FN:104,(anonymous_15)
FN:192,(anonymous_16)
FN:206,(anonymous_17)
FN:217,(anonymous_18)
FN:236,(anonymous_20)
FN:247,(anonymous_22)
FNF:21
FNH:0
FNDA:0,(anonymous_0)
FNDA:0,(anonymous_1)
FNDA:0,(anonymous_2)
FNDA:0,(anonymous_3)
FNDA:0,(anonymous_4)
FNDA:0,(anonymous_5)
FNDA:0,(anonymous_6)
FNDA:0,(anonymous_7)
FNDA:0,(anonymous_8)
FNDA:0,(anonymous_9)
FNDA:0,(anonymous_10)
FNDA:0,(anonymous_11)
FNDA:0,(anonymous_12)
FNDA:0,(anonymous_13)
FNDA:0,(anonymous_14)
FNDA:0,(anonymous_15)
FNDA:0,(anonymous_16)
FNDA:0,(anonymous_17)
FNDA:0,(anonymous_18)
FNDA:0,(anonymous_20)
FNDA:0,(anonymous_22)
DA:9,1
DA:12,1
DA:16,1
DA:17,1
DA:24,1
DA:30,0
DA:33,0
DA:36,0
DA:39,0
DA:42,0
DA:45,0
DA:48,0
DA:51,0
DA:62,0
DA:65,0
DA:68,0
DA:71,0
DA:74,0
DA:77,0
DA:80,0
DA:83,0
DA:88,0
DA:90,0
DA:95,0
DA:100,0
DA:106,0
DA:116,0
DA:117,0
DA:119,0
DA:120,0
DA:122,0
DA:123,0
DA:124,0
DA:126,0
DA:135,0
DA:136,0
DA:140,0
DA:141,0
DA:145,0
DA:146,0
DA:148,0
DA:149,0
DA:151,0
DA:154,0
DA:155,0
DA:156,0
DA:161,0
DA:165,0
DA:166,0
DA:167,0
DA:168,0
DA:170,0
DA:175,0
DA:176,0
DA:182,0
DA:183,0
DA:184,0
DA:185,0
DA:195,0
DA:196,0
DA:197,0
DA:198,0
DA:202,0
DA:210,0
DA:219,0
DA:220,0
DA:222,0
DA:223,0
DA:224,0
DA:225,0
DA:226,0
DA:227,0
DA:228,0
DA:231,0
DA:238,0
DA:239,0
DA:241,0
DA:242,0
DA:248,0
LF:79
LH:5
BRDA:184,0,0,0
BRDA:119,1,0,0
BRDA:119,2,0,0
BRDA:119,2,1,0
BRDA:128,3,0,0
BRDA:128,3,1,0
BRDA:135,4,0,0
BRDA:135,5,0,0
BRDA:135,5,1,0
BRDA:140,6,0,0
BRDA:140,6,1,0
BRDA:145,7,0,0
BRDA:145,7,1,0
BRDA:148,8,0,0
BRDA:148,8,1,0
BRDA:155,9,0,0
BRDA:161,10,0,0
BRDA:161,10,1,0
BRDA:161,11,0,0
BRDA:161,11,1,0
BRDA:167,12,0,0
BRDA:167,12,1,0
BRDA:197,13,0,0
BRDA:219,14,0,0
BRDA:219,14,1,0
BRDA:225,15,0,0
BRDA:238,16,0,0
BRDA:238,16,1,0
BRF:28
BRH:0
end_of_record
TN:
SF:src\types\settings.ts
FN:64,(anonymous_0)
FN:105,(anonymous_1)
FNF:2
FNH:2
FNDA:1,(anonymous_0)
FNDA:1,(anonymous_1)
DA:64,1
DA:68,1
DA:73,1
DA:78,1
DA:83,1
DA:89,1
DA:94,1
DA:99,1
DA:105,1
DA:110,1
DA:115,1
DA:120,1
DA:125,1
LF:13
LH:13
BRDA:64,0,0,1
BRDA:64,0,1,1
BRDA:105,1,0,1
BRDA:105,1,1,1
BRF:4
BRH:4
end_of_record
TN:
SF:src\types\_external_sources\meta-bind.ts
FN:43,(anonymous_0)
FN:55,(anonymous_1)
FN:146,(anonymous_2)
FNF:3
FNH:3
FNDA:1,(anonymous_0)
FNDA:1,(anonymous_1)
FNDA:1,(anonymous_2)
DA:43,1
DA:44,1
DA:45,1
DA:46,1
DA:47,1
DA:48,1
DA:49,1
DA:50,1
DA:52,1
DA:55,1
DA:56,1
DA:57,1
DA:58,1
DA:59,1
DA:60,1
DA:61,1
DA:62,1
DA:63,1
DA:64,1
DA:65,1
DA:146,1
DA:147,1
DA:148,1
LF:23
LH:23
BRDA:43,0,0,1
BRDA:43,0,1,1
BRDA:55,1,0,1
BRDA:55,1,1,1
BRDA:146,2,0,1
BRDA:146,2,1,1
BRF:6
BRH:6
end_of_record
TN:
SF:tests\mocks\app-api\app.ts
FN:35,(anonymous_0)
FN:45,(anonymous_1)
FN:64,(anonymous_2)
FN:71,(anonymous_3)
FN:79,(anonymous_4)
FNF:5
FNH:3
FNDA:1,(anonymous_0)
FNDA:9,(anonymous_1)
FNDA:1,(anonymous_2)
FNDA:0,(anonymous_3)
FNDA:0,(anonymous_4)
DA:9,1
DA:10,1
DA:11,1
DA:12,1
DA:13,1
DA:18,1
DA:38,1
DA:39,1
DA:40,1
DA:41,1
DA:42,1
DA:43,1
DA:46,9
DA:51,1
DA:52,1
DA:54,1
DA:56,1
DA:59,1
DA:61,1
DA:65,1
DA:67,1
DA:68,1
DA:72,0
DA:73,0
DA:75,0
DA:76,0
DA:80,0
DA:81,0
DA:83,0
DA:84,0
DA:87,0
LF:31
LH:22
BRDA:65,0,0,0
BRDA:65,0,1,1
BRDA:65,1,0,1
BRDA:65,1,1,1
BRDA:72,2,0,0
BRDA:72,2,1,0
BRDA:72,3,0,0
BRDA:72,3,1,0
BRDA:75,4,0,0
BRDA:75,4,1,0
BRDA:75,5,0,0
BRDA:75,5,1,0
BRDA:80,6,0,0
BRDA:80,6,1,0
BRDA:80,7,0,0
BRDA:80,7,1,0
BRDA:83,8,0,0
BRF:17
BRH:3
end_of_record
TN:
SF:tests\mocks\app-api\file.ts
FN:21,(anonymous_0)
FN:41,(anonymous_1)
FN:44,(anonymous_2)
FN:47,(anonymous_3)
FN:26,(anonymous_4)
FN:50,(anonymous_5)
FN:65,(anonymous_6)
FN:80,(anonymous_7)
FN:96,(anonymous_8)
FNF:9
FNH:3
FNDA:8,(anonymous_0)
FNDA:1,(anonymous_1)
FNDA:0,(anonymous_2)
FNDA:0,(anonymous_3)
FNDA:8,(anonymous_4)
FNDA:0,(anonymous_5)
FNDA:0,(anonymous_6)
FNDA:0,(anonymous_7)
FNDA:0,(anonymous_8)
DA:11,1
DA:21,1
DA:27,8
DA:28,8
DA:30,8
DA:31,8
DA:32,8
DA:33,8
DA:34,8
DA:35,8
DA:36,8
DA:37,8
DA:38,8
DA:41,8
DA:42,1
DA:44,8
DA:45,0
DA:47,8
DA:48,0
DA:51,0
DA:52,0
DA:54,0
DA:55,0
DA:56,0
DA:58,0
DA:61,0
DA:66,0
DA:67,0
DA:69,0
DA:70,0
DA:71,0
DA:74,0
DA:75,0
DA:81,0
DA:83,0
DA:85,0
DA:86,0
DA:87,0
DA:89,0
DA:92,0
DA:97,0
DA:99,0
DA:101,0
DA:102,0
DA:103,0
DA:106,0
DA:107,0
LF:47
LH:17
BRDA:42,0,0,0
BRDA:42,0,1,1
BRDA:42,1,0,1
BRDA:42,1,1,1
BRDA:45,2,0,0
BRDA:45,2,1,0
BRDA:45,3,0,0
BRDA:45,3,1,0
BRDA:48,4,0,0
BRDA:48,4,1,0
BRDA:48,5,0,0
BRDA:48,5,1,0
BRDA:31,6,0,0
BRDA:31,6,1,8
BRDA:31,7,0,8
BRDA:31,7,1,8
BRDA:51,8,0,0
BRDA:51,8,1,0
BRDA:51,9,0,0
BRDA:51,9,1,0
BRDA:54,10,0,0
BRDA:54,10,1,0
BRDA:55,11,0,0
BRDA:55,11,1,0
BRDA:66,12,0,0
BRDA:66,12,1,0
BRDA:66,13,0,0
BRDA:66,13,1,0
BRDA:69,14,0,0
BRDA:70,15,0,0
BRDA:74,16,0,0
BRDA:81,17,0,0
BRDA:81,17,1,0
BRDA:81,18,0,0
BRDA:81,18,1,0
BRDA:85,19,0,0
BRDA:85,19,1,0
BRDA:86,20,0,0
BRDA:86,20,1,0
BRDA:97,21,0,0
BRDA:97,21,1,0
BRDA:97,22,0,0
BRDA:97,22,1,0
BRDA:101,23,0,0
BRDA:102,24,0,0
BRDA:106,25,0,0
BRF:46
BRH:6
end_of_record
TN:
SF:tests\mocks\app-api\folder.ts
FN:9,(anonymous_0)
FN:77,(anonymous_1)
FN:80,(anonymous_2)
FN:12,(anonymous_3)
FN:16,(anonymous_4)
FN:18,(anonymous_5)
FN:23,(anonymous_6)
FN:29,(anonymous_7)
FN:41,(anonymous_8)
FN:56,(anonymous_9)
FN:58,(anonymous_10)
FN:59,(anonymous_11)
FN:60,(anonymous_12)
FN:67,(anonymous_13)
FN:69,(anonymous_14)
FN:70,(anonymous_15)
FN:83,(anonymous_16)
FNF:17
FNH:7
FNDA:5,(anonymous_0)
FNDA:0,(anonymous_1)
FNDA:0,(anonymous_2)
FNDA:9,(anonymous_3)
FNDA:1,(anonymous_4)
FNDA:3,(anonymous_5)
FNDA:5,(anonymous_6)
FNDA:0,(anonymous_7)
FNDA:12,(anonymous_8)
FNDA:0,(anonymous_9)
FNDA:0,(anonymous_10)
FNDA:0,(anonymous_11)
FNDA:0,(anonymous_12)
FNDA:0,(anonymous_13)
FNDA:0,(anonymous_14)
FNDA:0,(anonymous_15)
FNDA:12,(anonymous_16)
DA:3,1
DA:9,1
DA:10,5
DA:13,9
DA:17,1
DA:18,3
DA:20,1
DA:24,5
DA:25,5
DA:26,5
DA:27,5
DA:29,5
DA:30,0
DA:38,5
DA:42,12
DA:47,12
DA:48,0
DA:50,12
DA:53,12
DA:57,0
DA:58,0
DA:59,0
DA:60,0
DA:63,0
DA:68,0
DA:69,0
DA:70,0
DA:73,0
DA:77,5
DA:78,0
DA:80,5
DA:81,0
DA:84,12
DA:85,12
DA:87,12
DA:88,8
DA:91,4
DA:92,0
DA:93,0
DA:95,0
DA:99,4
LF:41
LH:25
BRDA:78,0,0,0
BRDA:78,0,1,0
BRDA:78,1,0,0
BRDA:78,1,1,0
BRDA:81,2,0,0
BRDA:81,2,1,0
BRDA:81,3,0,0
BRDA:81,3,1,0
BRDA:23,4,0,5
BRDA:27,5,0,0
BRDA:27,5,1,5
BRDA:27,6,0,5
BRDA:27,6,1,5
BRDA:29,7,0,5
BRDA:29,7,1,0
BRDA:29,8,0,5
BRDA:29,8,1,5
BRDA:29,9,0,0
BRDA:29,9,1,5
BRDA:29,10,0,5
BRDA:29,10,1,5
BRDA:31,11,0,0
BRDA:31,11,1,0
BRDA:47,12,0,0
BRDA:47,12,1,12
BRDA:57,13,0,0
BRDA:57,13,1,0
BRDA:58,14,0,0
BRDA:58,14,1,0
BRDA:58,15,0,0
BRDA:58,15,1,0
BRDA:58,16,0,0
BRDA:58,16,1,0
BRDA:58,17,0,0
BRDA:58,17,1,0
BRDA:68,18,0,0
BRDA:68,18,1,0
BRDA:69,19,0,0
BRDA:69,19,1,0
BRDA:69,20,0,0
BRDA:69,20,1,0
BRDA:85,21,0,9
BRDA:85,21,1,3
BRDA:87,22,0,8
BRDA:92,23,0,0
BRDA:92,23,1,0
BRDA:92,24,0,0
BRDA:92,24,1,0
BRDA:92,25,0,0
BRDA:92,25,1,0
BRF:50
BRH:14
end_of_record
TN:
SF:tests\mocks\app-api\metadata-cache.ts
FN:9,(anonymous_0)
FNF:1
FNH:0
FNDA:0,(anonymous_0)
DA:6,1
DA:11,0
DA:13,0
LF:3
LH:1
BRDA:14,0,0,0
BRDA:14,0,1,0
BRF:2
BRH:0
end_of_record
TN:
SF:tests\mocks\app-api\vault.ts
FN:33,(anonymous_0)
FN:48,(anonymous_1)
FN:100,(anonymous_2)
FN:113,(anonymous_3)
FN:115,(anonymous_4)
FN:132,(anonymous_5)
FN:146,(anonymous_6)
FN:149,(anonymous_7)
FN:152,(anonymous_8)
FN:155,(anonymous_9)
FN:158,(anonymous_10)
FN:161,(anonymous_11)
FN:164,(anonymous_12)
FN:167,(anonymous_13)
FN:170,(anonymous_14)
FN:173,(anonymous_15)
FN:176,(anonymous_16)
FN:179,(anonymous_17)
FN:182,(anonymous_18)
FN:185,(anonymous_19)
FN:188,(anonymous_20)
FN:191,(anonymous_21)
FN:194,(anonymous_22)
FN:197,(anonymous_23)
FN:205,(anonymous_24)
FN:208,(anonymous_25)
FN:211,(anonymous_26)
FN:214,(anonymous_27)
FN:217,(anonymous_28)
FNF:29
FNH:5
FNDA:1,(anonymous_0)
FNDA:4,(anonymous_1)
FNDA:3,(anonymous_2)
FNDA:9,(anonymous_3)
FNDA:3,(anonymous_4)
FNDA:0,(anonymous_5)
FNDA:0,(anonymous_6)
FNDA:0,(anonymous_7)
FNDA:0,(anonymous_8)
FNDA:0,(anonymous_9)
FNDA:0,(anonymous_10)
FNDA:0,(anonymous_11)
FNDA:0,(anonymous_12)
FNDA:0,(anonymous_13)
FNDA:0,(anonymous_14)
FNDA:0,(anonymous_15)
FNDA:0,(anonymous_16)
FNDA:0,(anonymous_17)
FNDA:0,(anonymous_18)
FNDA:0,(anonymous_19)
FNDA:0,(anonymous_20)
FNDA:0,(anonymous_21)
FNDA:0,(anonymous_22)
FNDA:0,(anonymous_23)
FNDA:0,(anonymous_24)
FNDA:0,(anonymous_25)
FNDA:0,(anonymous_26)
FNDA:0,(anonymous_27)
FNDA:0,(anonymous_28)
DA:2,1
DA:4,1
DA:5,1
DA:7,1
DA:8,1
DA:9,1
DA:10,1
DA:21,1
DA:34,1
DA:35,1
DA:37,1
DA:42,1
DA:43,1
DA:45,1
DA:59,4
DA:60,4
DA:62,12
DA:67,12
DA:68,4
DA:69,4
DA:73,4
DA:74,3
DA:83,4
DA:84,4
DA:86,8
DA:87,8
DA:88,8
DA:90,8
DA:91,8
DA:94,12
DA:97,4
DA:102,3
DA:104,3
DA:105,0
DA:108,3
DA:110,3
DA:111,3
DA:112,6
DA:113,9
DA:114,3
DA:115,3
DA:116,0
DA:117,0
DA:120,6
DA:121,0
DA:124,6
DA:125,3
DA:129,3
DA:134,0
DA:136,0
DA:137,0
DA:139,0
DA:147,0
DA:150,0
DA:153,0
DA:156,0
DA:159,0
DA:162,0
DA:165,0
DA:168,0
DA:171,0
DA:174,0
DA:177,0
DA:180,0
DA:183,0
DA:186,0
DA:189,0
DA:192,0
DA:195,0
DA:198,0
DA:206,0
DA:209,0
DA:212,0
DA:215,0
DA:218,0
LF:75
LH:44
BRDA:51,0,0,1
BRDA:52,1,0,1
BRDA:53,2,0,1
BRDA:62,3,0,3
BRDA:62,3,1,9
BRDA:63,4,0,2
BRDA:63,4,1,1
BRDA:67,5,0,4
BRDA:67,5,1,8
BRDA:73,6,0,3
BRDA:87,7,0,1
BRDA:87,7,1,7
BRDA:104,8,0,0
BRDA:112,9,0,3
BRDA:112,9,1,3
BRDA:112,10,0,0
BRDA:112,10,1,6
BRDA:112,11,0,6
BRDA:112,11,1,6
BRDA:114,12,0,3
BRDA:114,12,1,0
BRDA:116,13,0,0
BRDA:120,14,0,0
BRDA:124,15,0,3
BRDA:124,16,0,0
BRDA:124,16,1,6
BRDA:124,17,0,6
BRDA:124,17,1,6
BRDA:129,18,0,3
BRDA:129,18,1,0
BRDA:129,19,0,3
BRDA:129,19,1,3
BRDA:136,20,0,0
BRDA:140,21,0,0
BRDA:140,21,1,0
BRF:35
BRH:25
end_of_record
TN:
SF:tests\mocks\plugins\copy-as-html.ts
FN:10,(anonymous_0)
FN:14,(anonymous_1)
FN:26,(anonymous_2)
FNF:3
FNH:1
FNDA:1,(anonymous_0)
FNDA:0,(anonymous_1)
FNDA:0,(anonymous_2)
DA:7,1
DA:11,1
DA:18,0
DA:19,0
DA:20,0
DA:21,0
DA:23,0
DA:31,0
DA:32,0
DA:33,0
DA:34,0
DA:36,0
LF:12
LH:2
BRF:0
BRH:0
end_of_record
TN:
SF:tests\mocks\plugins\meta-scry.ts
FN:30,(anonymous_0)
FN:34,(anonymous_1)
FN:38,(anonymous_2)
FN:42,(anonymous_3)
FN:54,(anonymous_4)
FN:64,(anonymous_5)
FN:68,(anonymous_6)
FN:72,(anonymous_7)
FN:78,(anonymous_8)
FN:81,(anonymous_9)
FN:84,(anonymous_10)
FN:87,(anonymous_11)
FN:90,(anonymous_12)
FN:93,(anonymous_13)
FN:96,(anonymous_14)
FN:99,(anonymous_15)
FN:102,(anonymous_16)
FN:105,(anonymous_17)
FN:108,(anonymous_18)
FN:111,(anonymous_19)
FN:114,(anonymous_20)
FN:117,(anonymous_21)
FN:120,(anonymous_22)
FN:123,(anonymous_23)
FN:126,(anonymous_24)
FN:129,(anonymous_25)
FN:132,(anonymous_26)
FN:135,(anonymous_27)
FN:138,(anonymous_28)
FN:141,(anonymous_29)
FN:150,(anonymous_30)
FN:153,(anonymous_31)
FN:156,(anonymous_32)
FNF:33
FNH:2
FNDA:0,(anonymous_0)
FNDA:0,(anonymous_1)
FNDA:0,(anonymous_2)
FNDA:1,(anonymous_3)
FNDA:1,(anonymous_4)
FNDA:0,(anonymous_5)
FNDA:0,(anonymous_6)
FNDA:0,(anonymous_7)
FNDA:0,(anonymous_8)
FNDA:0,(anonymous_9)
FNDA:0,(anonymous_10)
FNDA:0,(anonymous_11)
FNDA:0,(anonymous_12)
FNDA:0,(anonymous_13)
FNDA:0,(anonymous_14)
FNDA:0,(anonymous_15)
FNDA:0,(anonymous_16)
FNDA:0,(anonymous_17)
FNDA:0,(anonymous_18)
FNDA:0,(anonymous_19)
FNDA:0,(anonymous_20)
FNDA:0,(anonymous_21)
FNDA:0,(anonymous_22)
FNDA:0,(anonymous_23)
FNDA:0,(anonymous_24)
FNDA:0,(anonymous_25)
FNDA:0,(anonymous_26)
FNDA:0,(anonymous_27)
FNDA:0,(anonymous_28)
FNDA:0,(anonymous_29)
FNDA:0,(anonymous_30)
FNDA:0,(anonymous_31)
FNDA:0,(anonymous_32)
DA:14,1
DA:15,1
DA:16,1
DA:24,1
DA:31,0
DA:35,0
DA:39,0
DA:43,1
DA:44,1
DA:45,1
DA:46,1
DA:51,1
DA:55,1
DA:56,1
DA:57,1
DA:59,1
DA:65,0
DA:69,0
DA:73,0
DA:79,0
DA:82,0
DA:85,0
DA:88,0
DA:91,0
DA:94,0
DA:97,0
DA:100,0
DA:103,0
DA:106,0
DA:109,0
DA:112,0
DA:115,0
DA:118,0
DA:121,0
DA:124,0
DA:127,0
DA:130,0
DA:133,0
DA:136,0
DA:139,0
DA:142,0
DA:151,0
DA:154,0
DA:157,0
LF:44
LH:13
BRDA:55,0,0,1
BRDA:55,0,1,0
BRDA:55,1,0,1
BRDA:55,1,1,1
BRF:4
BRH:3
end_of_record
